Log file open, 10/07/17 15:50:12
LogWindows: Failed to load 'aqProf.dll' (GetLastError=126)
LogWindows: File 'aqProf.dll' does not exist
LogWindows: Failed to load 'VtuneApi.dll' (GetLastError=126)
LogWindows: File 'VtuneApi.dll' does not exist
LogWindows: Failed to load 'VtuneApi32e.dll' (GetLastError=126)
LogWindows: File 'VtuneApi32e.dll' does not exist
LogInit: Display: Running engine for game: storm
LogPlatformFile: Not using cached read wrapper
LogInit: Display: RandInit(1325606591) SRandInit(1325606591).
LogTaskGraph: Started task graph with 5 named threads and 14 total threads with 3 sets of task threads.
LogStats: Stats thread started at 0.216947
LogD3D11RHI: Aftermath initialized
LogPluginManager: Mounting plugin Paper2D
LogPluginManager: Mounting plugin LightPropagationVolume
LogPluginManager: Mounting plugin CodeLiteSourceCodeAccess
LogPluginManager: Mounting plugin GitSourceControl
LogPluginManager: Mounting plugin KDevelopSourceCodeAccess
LogPluginManager: Mounting plugin NullSourceCodeAccess
LogPluginManager: Mounting plugin PerforceSourceControl
LogPluginManager: Mounting plugin SubversionSourceControl
LogPluginManager: Mounting plugin UObjectPlugin
LogPluginManager: Mounting plugin VisualStudioSourceCodeAccess
LogPluginManager: Mounting plugin XCodeSourceCodeAccess
LogPluginManager: Mounting plugin AssetManagerEditor
LogPluginManager: Mounting plugin AudioCapture
LogPluginManager: Mounting plugin FacialAnimation
LogPluginManager: Mounting plugin GameplayTagsEditor
LogPluginManager: Mounting plugin MobileLauncherProfileWizard
LogPluginManager: Mounting plugin PluginBrowser
LogPluginManager: Mounting plugin SpeedTreeImporter
LogPluginManager: Mounting plugin AlembicImporter
LogPluginManager: Mounting plugin CharacterAI
LogPluginManager: Mounting plugin HTML5Networking
LogPluginManager: Mounting plugin AndroidMedia
LogPluginManager: Mounting plugin AvfMedia
LogPluginManager: Mounting plugin MediaPlayerEditor
LogPluginManager: Mounting plugin WmfMedia
LogPluginManager: Mounting plugin TcpMessaging
LogPluginManager: Mounting plugin UdpMessaging
LogPluginManager: Mounting plugin LevelSequenceEditor
LogPluginManager: Mounting plugin MatineeToLevelSequence
LogPluginManager: Mounting plugin OnlineSubsystemGooglePlay
LogPluginManager: Mounting plugin OnlineSubsystemIOS
LogPluginManager: Mounting plugin OnlineSubsystem
LogPluginManager: Mounting plugin OnlineSubsystemNull
LogPluginManager: Mounting plugin OnlineSubsystemUtils
LogPluginManager: Mounting plugin AndroidDeviceProfileSelector
LogPluginManager: Mounting plugin AndroidMoviePlayer
LogPluginManager: Mounting plugin AndroidPermission
LogPluginManager: Mounting plugin AppleMoviePlayer
LogPluginManager: Mounting plugin ArchVisCharacter
LogPluginManager: Mounting plugin CableComponent
LogPluginManager: Mounting plugin CustomMeshComponent
LogPluginManager: Mounting plugin ExampleDeviceProfileSelector
LogPluginManager: Mounting plugin GoogleCloudMessaging
LogPluginManager: Mounting plugin ImmediatePhysics
LogPluginManager: Mounting plugin IOSDeviceProfileSelector
LogPluginManager: Mounting plugin LinuxDeviceProfileSelector
LogPluginManager: Mounting plugin LocationServicesBPLibrary
LogPluginManager: Mounting plugin MobilePatchingUtils
LogPluginManager: Mounting plugin OculusVR
LogPluginManager: Mounting plugin PhysXVehicles
LogPluginManager: Mounting plugin ProceduralMeshComponent
LogPluginManager: Mounting plugin RuntimePhysXCooking
LogPluginManager: Mounting plugin SteamVR
LogPluginManager: Mounting plugin WindowsMoviePlayer
LogInit: Using libcurl 7.47.1
LogInit:  - built for x86_64-pc-win32
LogInit:  - supports SSL with OpenSSL/1.0.2g
LogInit:  - supports HTTP deflate (compression) using libz 1.2.8
LogInit:  - other features:
LogInit:      CURL_VERSION_SSL
LogInit:      CURL_VERSION_LIBZ
LogInit:      CURL_VERSION_IPV6
LogInit:      CURL_VERSION_ASYNCHDNS
LogInit:      CURL_VERSION_LARGEFILE
LogInit:      CURL_VERSION_IDN
LogInit:  CurlRequestOptions (configurable via config and command line):
LogInit:  - bVerifyPeer = false  - Libcurl will NOT verify peer certificate
LogInit:  - bUseHttpProxy = false  - Libcurl will NOT use HTTP proxy
LogInit:  - bDontReuseConnections = false  - Libcurl will reuse connections
LogInit:  - CertBundlePath = nullptr  - Libcurl will use whatever was configured at build time.
LogInit: Build: ++UE4+Release-4.17-CL-0
LogInit: Engine Version: 4.17.2-0+++UE4+Release-4.17
LogInit: Compatible Engine Version: 4.17.0-0+++UE4+Release-4.17
LogInit: Net CL: 0
LogDevObjectVersion: Number of dev versions registered: 16
LogDevObjectVersion:   Dev-Blueprints (B0D832E4-1F89-4F0D-ACCF-7EB736FD4AA2): 10
LogDevObjectVersion:   Dev-Build (E1C64328-A22C-4D53-A36C-8E866417BD8C): 0
LogDevObjectVersion:   Dev-Core (375EC13C-06E4-48FB-B500-84F0262A717E): 2
LogDevObjectVersion:   Dev-Editor (E4B068ED-F494-42E9-A231-DA0B2E46BB41): 20
LogDevObjectVersion:   Dev-Framework (CFFC743F-43B0-4480-9391-14DF171D2073): 28
LogDevObjectVersion:   Dev-Mobile (B02B49B5-BB20-44E9-A304-32B752E40360): 0
LogDevObjectVersion:   Dev-Networking (A4E4105C-59A1-49B5-A7C5-40C4547EDFEE): 0
LogDevObjectVersion:   Dev-Online (39C831C9-5AE6-47DC-9A44-9C173E1C8E7C): 0
LogDevObjectVersion:   Dev-Physics (78F01B33-EBEA-4F98-B9B4-84EACCB95AA2): 0
LogDevObjectVersion:   Dev-Platform (6631380F-2D4D-43E0-8009-CF276956A95A): 0
LogDevObjectVersion:   Dev-Rendering (12F88B9F-8875-4AFC-A67C-D90C383ABD29): 19
LogDevObjectVersion:   Dev-Sequencer (7B5AE74C-D270-4C10-A958-57980B212A5A): 4
LogDevObjectVersion:   Dev-VR (D7296918-1DD6-4BDD-9DE2-64A83CC13884): 0
LogDevObjectVersion:   Dev-LoadTimes (C2A15278-BFE7-4AFE-6C17-90FF531DF755): 1
LogDevObjectVersion:   Private-Geometry (6EACA3D4-40EC-4CC1-B786-8BED09428FC5): 1
LogDevObjectVersion:   Dev-AnimPhys (29E575DD-E0A3-4627-9D10-D276232CDCEA): 7
LogInit: Compiled (64-bit): Oct  3 2017 12:16:54
LogInit: Compiled with Visual C++: 19.00.24215.01
LogInit: Build Configuration: Development
LogInit: Branch Name: ++UE4+Release-4.17
LogInit: Command line:  
LogInit: Base directory: C:/Program Files/Epic Games/UnrealEngine-release/Engine/Binaries/Win64/
LogInit: Installed Engine Build: 0
LogInit: Presizing for max 8388607 objects, including 0 objects not considered by GC, pre-allocating 0 bytes for permanent pool.
LogInit: Object subsystem initialized
[2017.10.07-18.50.13:492][  0]LogInit: Selected Device Profile: [Windows]
[2017.10.07-18.50.13:492][  0]LogInit: Applying CVar settings loaded from the selected device profile: [Windows]
[2017.10.07-18.50.13:522][  0]LogInit: Computer: DESKTOP-V0QB7PK
[2017.10.07-18.50.13:522][  0]LogInit: User: Erick
[2017.10.07-18.50.13:522][  0]LogInit: CPU Page size=4096, Cores=4
[2017.10.07-18.50.13:522][  0]LogInit: High frequency timer resolution =3.125021 MHz
[2017.10.07-18.50.13:522][  0]LogMemory: Memory total: Physical=5.9GB (6GB approx)
[2017.10.07-18.50.13:522][  0]LogMemory: Platform Memory Stats for Windows
[2017.10.07-18.50.13:523][  0]LogMemory: Process Physical Memory: 279.56 MB used, 279.56 MB peak
[2017.10.07-18.50.13:523][  0]LogMemory: Process Virtual Memory: 276.02 MB used, 276.02 MB peak
[2017.10.07-18.50.13:523][  0]LogMemory: Physical Memory: 2311.84 MB used,  3773.90 MB free, 6085.74 MB total
[2017.10.07-18.50.13:523][  0]LogMemory: Virtual Memory: 670.80 MB used,  3773.90 MB free, 134217728.00 MB total
[2017.10.07-18.50.13:938][  0]LogInit: Using OS detected language (pt-BR).
[2017.10.07-18.50.13:938][  0]LogInit: Using OS detected locale (pt-BR).
[2017.10.07-18.50.17:009][  0]LogD3D11RHI: D3D11 adapters:
[2017.10.07-18.50.17:074][  0]LogD3D11RHI:    0. 'NVIDIA GeForce GT 630' (Feature Level 11_0)
[2017.10.07-18.50.17:074][  0]LogD3D11RHI:       2000/0/3042 MB DedicatedVideo/DedicatedSystem/SharedSystem, Outputs:1, VendorId:0x10de
[2017.10.07-18.50.17:082][  0]LogD3D11RHI:    1. 'Microsoft Basic Render Driver' (Feature Level 11_0)
[2017.10.07-18.50.17:082][  0]LogD3D11RHI:       0/0/3042 MB DedicatedVideo/DedicatedSystem/SharedSystem, Outputs:0, VendorId:0x1414
[2017.10.07-18.50.17:083][  0]LogD3D11RHI: Chosen D3D11 Adapter: 0
[2017.10.07-18.50.17:092][  0]LogD3D11RHI: Creating new Direct3DDevice
[2017.10.07-18.50.17:092][  0]LogD3D11RHI:     GPU DeviceId: 0xf00 (for the marketing name, search the web for "GPU Device Id")
[2017.10.07-18.50.17:092][  0]LogWindows: EnumDisplayDevices:
[2017.10.07-18.50.17:092][  0]LogWindows:    0. 'NVIDIA GeForce GT 630' (P:1 D:1)
[2017.10.07-18.50.17:092][  0]LogWindows:    1. 'NVIDIA GeForce GT 630' (P:0 D:0)
[2017.10.07-18.50.17:092][  0]LogWindows: DebugString: FoundDriverCount:2 
[2017.10.07-18.50.17:092][  0]LogD3D11RHI:     Adapter Name: NVIDIA GeForce GT 630
[2017.10.07-18.50.17:092][  0]LogD3D11RHI:   Driver Version: 382.05 (internal:22.21.13.8205, unified:382.05)
[2017.10.07-18.50.17:092][  0]LogD3D11RHI:      Driver Date: 5-1-2017
[2017.10.07-18.50.17:092][  0]LogRHI: Texture pool is 1361 MB (70% of 1945 MB)
[2017.10.07-18.50.17:138][  0]LogD3D11RHI: Display: Timestamp queries are currently disabled on this hardware due to instability. Realtime GPU stats will not be available. You can override this behaviour by setting r.NVIDIATimestampWorkaround to 0
[2017.10.07-18.50.17:138][  0]LogD3D11RHI: Async texture creation enabled
[2017.10.07-18.50.17:154][  0]LogD3D11RHI: GPU Timing Frequency: 1000.000000 (Debug: 2 2)
[2017.10.07-18.50.17:155][  0]LogD3D11RHI: HDR output is supported on display 0 (NvId: 0x80061083).
[2017.10.07-18.50.17:156][  0]LogShaderCompilers: Guid format shader working directory is -12 characters bigger than the processId version (../../../../../../Users/Erick/Documents/GitHub/storm/storm/Intermediate/Shaders/WorkingDirectory/4108/).
[2017.10.07-18.50.17:156][  0]LogShaderCompilers: Cleaned the shader compiler working directory 'C:/Users/Erick/AppData/Local/Temp/UnrealShaderWorkingDir/B1B935734F6067E7BF4A53B0E450E836/'.
[2017.10.07-18.50.17:156][  0]LogShaderCompilers: Display: Using Local Shader Compiler.
[2017.10.07-18.50.19:609][  0]LogTemp: Display: Loaded TP AllDesktopTargetPlatform
[2017.10.07-18.50.19:731][  0]LogTemp: Display: Loaded TP MacClientTargetPlatform
[2017.10.07-18.50.19:845][  0]LogTemp: Display: Loaded TP MacNoEditorTargetPlatform
[2017.10.07-18.50.19:969][  0]LogTemp: Display: Loaded TP MacServerTargetPlatform
[2017.10.07-18.50.20:088][  0]LogTemp: Display: Loaded TP MacTargetPlatform
[2017.10.07-18.50.20:211][  0]LogTemp: Display: Loaded TP WindowsClientTargetPlatform
[2017.10.07-18.50.20:330][  0]LogTemp: Display: Loaded TP WindowsNoEditorTargetPlatform
[2017.10.07-18.50.20:455][  0]LogTemp: Display: Loaded TP WindowsServerTargetPlatform
[2017.10.07-18.50.20:561][  0]LogTemp: Display: Loaded TP WindowsTargetPlatform
[2017.10.07-18.50.20:685][  0]LogTemp: Display: Loaded TP AndroidTargetPlatform
[2017.10.07-18.50.20:795][  0]LogTemp: Display: Loaded TP Android_ASTCTargetPlatform
[2017.10.07-18.50.20:919][  0]LogTemp: Display: Loaded TP Android_ATCTargetPlatform
[2017.10.07-18.50.21:029][  0]LogTemp: Display: Loaded TP Android_DXTTargetPlatform
[2017.10.07-18.50.21:166][  0]LogTemp: Display: Loaded TP Android_ETC1TargetPlatform
[2017.10.07-18.50.21:275][  0]LogTemp: Display: Loaded TP Android_ETC2TargetPlatform
[2017.10.07-18.50.21:496][  0]LogTemp: Display: Loaded TP Android_MultiTargetPlatform
[2017.10.07-18.50.21:496][  0]LogTemp: Display: Loaded TP Android_PVRTCTargetPlatform
[2017.10.07-18.50.21:590][  0]LogTemp: Display: Loaded TP HTML5TargetPlatform
[2017.10.07-18.50.21:778][  0]LogTemp: Display: Loaded TP IOSTargetPlatform
[2017.10.07-18.50.21:836][  0]LogTemp: Display: Loaded TP TVOSTargetPlatform
[2017.10.07-18.50.21:836][  0]LogTargetPlatformManager: Display: Building Assets For Windows
[2017.10.07-18.50.23:077][  0]LogDerivedDataCache: Display: Max Cache Size: 512 MB
[2017.10.07-18.50.23:817][  0]LogDerivedDataCache: Loaded boot cache 0.74s 93MB ../../../../../../Users/Erick/Documents/GitHub/storm/storm/DerivedDataCache/Boot.ddc.
[2017.10.07-18.50.23:817][  0]LogDerivedDataCache: Display: Loaded Boot cache: ../../../../../../Users/Erick/Documents/GitHub/storm/storm/DerivedDataCache/Boot.ddc
[2017.10.07-18.50.23:817][  0]LogDerivedDataCache: FDerivedDataBackendGraph:  Pak pak cache file ../../../../../../Users/Erick/Documents/GitHub/storm/storm/DerivedDataCache/DDC.ddp not found, will not use a pak cache.
[2017.10.07-18.50.23:817][  0]LogDerivedDataCache: Unable to find inner node Pak for hierarchical cache Hierarchy.
[2017.10.07-18.50.23:817][  0]LogDerivedDataCache: FDerivedDataBackendGraph:  EnginePak pak cache file ../../../Engine/DerivedDataCache/DDC.ddp not found, will not use a pak cache.
[2017.10.07-18.50.23:817][  0]LogDerivedDataCache: Unable to find inner node EnginePak for hierarchical cache Hierarchy.
[2017.10.07-18.50.23:830][  0]LogDerivedDataCache: Using Local data cache path ../../../Engine/DerivedDataCache: Writable
[2017.10.07-18.50.23:830][  0]LogDerivedDataCache: Shared data cache path not found in *engine.ini, will not use an Shared cache.
[2017.10.07-18.50.23:830][  0]LogDerivedDataCache: Unable to find inner node Shared for hierarchical cache Hierarchy.
[2017.10.07-18.50.23:843][  0]LogMaterial: Verifying Global Shaders for PCD3D_SM5
[2017.10.07-18.50.23:843][  0]LogSlate: Using Freetype 2.6.0
[2017.10.07-18.50.23:857][  0]LogSlate: SlateFontCache - WITH_FREETYPE: 1, WITH_HARFBUZZ: 1
[2017.10.07-18.50.23:857][  0]LogSlate: SlateFontCache - WITH_FREETYPE: 1, WITH_HARFBUZZ: 1
[2017.10.07-18.50.25:562][  0]LogAssetRegistry: FAssetRegistry took 0.0252 seconds to start up
[2017.10.07-18.50.25:741][  0]LogInit: Selected Device Profile: [Windows]
[2017.10.07-18.50.26:047][  0]LogContentStreaming: Texture pool size is 0.00 MB
[2017.10.07-18.50.26:620][  0]LogMeshReduction: Using QuadricMeshReduction for automatic static mesh reduction
[2017.10.07-18.50.26:620][  0]LogMeshReduction: No automatic skeletal mesh reduction module available
[2017.10.07-18.50.26:620][  0]LogMeshReduction: No automatic mesh merging module available
[2017.10.07-18.50.26:620][  0]LogMeshReduction: No distributed automatic mesh merging module available
[2017.10.07-18.50.26:620][  0]LogMeshMerging: No automatic mesh merging module available
[2017.10.07-18.50.26:620][  0]LogMeshMerging: No distributed automatic mesh merging module available
[2017.10.07-18.50.27:220][  0]LogNetVersion: storm , NetCL: 0, EngineNetVer: 2, GameNetVer: 0 (Checksum: 3367854216)
[2017.10.07-18.50.27:642][  0]LogPackageLocalizationCache: Processed 5 localized package path(s) for 2 prioritized culture(s) in 0.075312 seconds
[2017.10.07-18.50.27:651][  0]LogUObjectArray: 35784 objects as part of root set at end of initial load.
[2017.10.07-18.50.27:651][  0]LogUObjectAllocator: 7522360 out of 0 bytes used by permanent object pool.
[2017.10.07-18.50.27:652][  0]LogUObjectArray: CloseDisregardForGC: 0/0 objects in disregard for GC pool
[2017.10.07-18.50.27:814][  0]LogInit: WinSock: version 1.1 (2.2), MaxSocks=32767, MaxUdp=65467
[2017.10.07-18.50.35:064][  0]LogTcpMessaging: Initializing TcpMessaging bridge
[2017.10.07-18.50.35:147][  0]LogUdpMessaging: Initializing bridge on interface 0.0.0.0:0 to multicast group 230.0.0.1:6666.
[2017.10.07-18.50.36:611][  0]LogMaterial: Uniform references updated for custom material expression Custom.
[2017.10.07-18.50.37:522][  0]SourceControl: Controle de origem desativado
[2017.10.07-18.50.39:624][  0]LogAndroidPermission: UAndroidPermissionCallbackProxy::GetInstance
[2017.10.07-18.50.40:219][  0]LogOcInput: OculusInput pre-init called
[2017.10.07-18.50.40:786][  0]LogEngine: Initializing Engine...
[2017.10.07-18.50.40:788][  0]LogHMD: Failed to initialize OpenVR with code 110
[2017.10.07-18.50.41:089][  0]LogStats: UGameplayTagsManager::ConstructGameplayTagTree: Construct from data asset -  0.000 s
[2017.10.07-18.50.41:089][  0]LogStats: UGameplayTagsManager::ConstructGameplayTagTree: GameplayTagTreeChangedEvent.Broadcast -  0.000 s
[2017.10.07-18.50.41:386][  0]LogAIModule: Creating AISystem for world Untitled
[2017.10.07-18.50.41:398][  0]LogInit: XAudio2 using 'Alto-falantes (VIA HD Audio(Win8))' : 2 channels at 48 kHz using 32 bits per sample (channel mask 0x3)
[2017.10.07-18.50.41:427][  0]LogInit: FAudioDevice initialized.
[2017.10.07-18.50.41:552][  0]LogDerivedDataCache: Saved boot cache 0.12s 93MB ../../../../../../Users/Erick/Documents/GitHub/storm/storm/DerivedDataCache/Boot.ddc.
[2017.10.07-18.50.41:571][  0]LogInit: Texture streaming: Enabled
[2017.10.07-18.50.41:875][  0]LogEngineSessionManager: EngineSessionManager initialized
[2017.10.07-18.50.42:393][  0]LogInit: Transaction tracking system initialized
[2017.10.07-18.50.43:144][  0]BlueprintLog: New page: Carregar Editor
[2017.10.07-18.50.45:310][  0]LocalizationService: Localization service is disabled
[2017.10.07-18.50.46:927][  0]LogConsoleResponse: Display: 
[2017.10.07-18.50.47:514][  0]LogCook: Display: Max memory allowance for cook 16384mb min free memory 0mb
[2017.10.07-18.50.47:515][  0]LogCook: Display: Mobile HDR setting 1
[2017.10.07-18.50.47:515][  0]LogGameplayTags: Display: UGameplayTagsManager::DoneAddingNativeTags. DelegateIsBound: 0
[2017.10.07-18.50.47:577][  0]LogFileCache: Scanning file cache for directory 'C:/Users/Erick/Documents/GitHub/storm/storm/Content/' took 0.03s
[2017.10.07-18.50.50:367][  0]LogSlate: Took 0.006466 seconds to synchronously load lazily loaded font '../../../Engine/Content/Slate/Fonts/Roboto-Regular.ttf' (155K)
[2017.10.07-18.51.15:706][  0]LogWindowsTextInputMethodSystem: Display: IME system now deactivated.
[2017.10.07-18.51.15:724][  0]LogWindowsTextInputMethodSystem: Display: IME system now deactivated.
[2017.10.07-18.51.15:728][  0]Cmd: MAP LOAD FILE="../../../../../../Users/Erick/Documents/GitHub/storm/storm/Content/ThirdPersonBP/Maps/ThirdPersonExampleMap.umap" TEMPLATE=0 SHOWPROGRESS=1 FEATURELEVEL=3
[2017.10.07-18.51.15:808][  0]LightingResults: New page: Compilação de Iluminação
[2017.10.07-18.51.15:911][  0]MapCheck: New page: Verificação de Mapa
[2017.10.07-18.51.15:911][  0]LightingResults: New page: Compilação de Iluminação
[2017.10.07-18.51.16:499][  0]LogPackageName: Error: DoesPackageExist: DoesPackageExist FAILED: '/Game/deco/Drawer_Mesh _PhysicsAsset' is not a standard unreal filename or a long path name. Reason: Name may not contain the following characters: ' '
[2017.10.07-18.51.16:499][  0]LogLinker: Warning: Não é possível encontrar o arquivo “/Game/deco/Drawer_Mesh _PhysicsAsset”
[2017.10.07-18.51.16:499][  0]LogPackageName: Error: DoesPackageExist: DoesPackageExist FAILED: '/Game/deco/Drawer_Mesh _PhysicsAsset' is not a standard unreal filename or a long path name. Reason: Name may not contain the following characters: ' '
[2017.10.07-18.51.16:499][  0]LogLinker: Warning: Não é possível encontrar o arquivo do ativo “../../../../../../Users/Erick/Documents/GitHub/storm/storm/Content/deco/Drawer.uasset” ao carregar /Game/deco/Drawer_Mesh _PhysicsAsset.
[2017.10.07-18.51.16:499][  0]LoadErrors: Error: /Game/deco/Drawer : Não é possível encontrar o arquivo do ativo. /Game/deco/Drawer_Mesh _PhysicsAsset
[2017.10.07-18.51.16:499][  0]LogPackageName: Error: DoesPackageExist: DoesPackageExist FAILED: '/Game/deco/Drawer_Mesh _Skeleton' is not a standard unreal filename or a long path name. Reason: Name may not contain the following characters: ' '
[2017.10.07-18.51.16:499][  0]LogLinker: Warning: Não é possível encontrar o arquivo “/Game/deco/Drawer_Mesh _Skeleton”
[2017.10.07-18.51.16:499][  0]LogPackageName: Error: DoesPackageExist: DoesPackageExist FAILED: '/Game/deco/Drawer_Mesh _Skeleton' is not a standard unreal filename or a long path name. Reason: Name may not contain the following characters: ' '
[2017.10.07-18.51.16:499][  0]LogLinker: Warning: Não é possível encontrar o arquivo do ativo “../../../../../../Users/Erick/Documents/GitHub/storm/storm/Content/deco/Drawer.uasset” ao carregar /Game/deco/Drawer_Mesh _Skeleton.
[2017.10.07-18.51.16:499][  0]LoadErrors: Error: /Game/deco/Drawer : Não é possível encontrar o arquivo do ativo. /Game/deco/Drawer_Mesh _Skeleton
[2017.10.07-18.51.16:505][  0]LogPackageName: Error: DoesPackageExist: DoesPackageExist FAILED: '/Game/deco/Drawer_Mesh _PhysicsAsset' is not a standard unreal filename or a long path name. Reason: Name may not contain the following characters: ' '
[2017.10.07-18.51.16:505][  0]LogLinker: Warning: Não é possível encontrar o arquivo “/Game/deco/Drawer_Mesh _PhysicsAsset”
[2017.10.07-18.51.16:505][  0]LogPackageName: Error: DoesPackageExist: DoesPackageExist FAILED: '/Game/deco/Drawer_Mesh _PhysicsAsset' is not a standard unreal filename or a long path name. Reason: Name may not contain the following characters: ' '
[2017.10.07-18.51.16:505][  0]LogLinker: Warning: Não é possível encontrar o arquivo do ativo “../../../../../../Users/Erick/Documents/GitHub/storm/storm/Content/deco/Drawer.uasset” ao carregar /Game/deco/Drawer_Mesh _PhysicsAsset.
[2017.10.07-18.51.16:505][  0]LoadErrors: Error: /Game/deco/Drawer : Não é possível encontrar o arquivo do ativo. /Game/deco/Drawer_Mesh _PhysicsAsset
[2017.10.07-18.51.16:506][  0]LogPackageName: Error: DoesPackageExist: DoesPackageExist FAILED: '/Game/deco/Drawer_Mesh _Skeleton' is not a standard unreal filename or a long path name. Reason: Name may not contain the following characters: ' '
[2017.10.07-18.51.16:506][  0]LogLinker: Warning: Não é possível encontrar o arquivo “/Game/deco/Drawer_Mesh _Skeleton”
[2017.10.07-18.51.16:506][  0]LogPackageName: Error: DoesPackageExist: DoesPackageExist FAILED: '/Game/deco/Drawer_Mesh _Skeleton' is not a standard unreal filename or a long path name. Reason: Name may not contain the following characters: ' '
[2017.10.07-18.51.16:506][  0]LogLinker: Warning: Não é possível encontrar o arquivo do ativo “../../../../../../Users/Erick/Documents/GitHub/storm/storm/Content/deco/Drawer.uasset” ao carregar /Game/deco/Drawer_Mesh _Skeleton.
[2017.10.07-18.51.16:506][  0]LoadErrors: Error: /Game/deco/Drawer : Não é possível encontrar o arquivo do ativo. /Game/deco/Drawer_Mesh _Skeleton
[2017.10.07-18.51.17:069][  0]LogLinker: Warning: Não é possível encontrar o arquivo “/Game/UrbanCity/Textures/Tileable/metal_01_d”
[2017.10.07-18.51.17:069][  0]LogLinker: Warning: Não é possível encontrar o arquivo do ativo “../../../../../../Users/Erick/Documents/GitHub/storm/storm/Content/UrbanCity/Materials/-Metal_Mat.uasset” ao carregar /Game/UrbanCity/Textures/Tileable/metal_01_d.
[2017.10.07-18.51.17:069][  0]LoadErrors: Error: /Game/UrbanCity/Materials/-Metal_Mat : Não é possível encontrar o arquivo do ativo. /Game/UrbanCity/Textures/Tileable/metal_01_d
[2017.10.07-18.51.17:069][  0]LogLinker: Warning: Não é possível encontrar o arquivo “/Game/UrbanCity/Textures/Tileable/metal_01_n”
[2017.10.07-18.51.17:069][  0]LogLinker: Warning: Não é possível encontrar o arquivo do ativo “../../../../../../Users/Erick/Documents/GitHub/storm/storm/Content/UrbanCity/Materials/-Metal_Mat.uasset” ao carregar /Game/UrbanCity/Textures/Tileable/metal_01_n.
[2017.10.07-18.51.17:069][  0]LoadErrors: Error: /Game/UrbanCity/Materials/-Metal_Mat : Não é possível encontrar o arquivo do ativo. /Game/UrbanCity/Textures/Tileable/metal_01_n
[2017.10.07-18.51.17:069][  0]LogLinker: Warning: Não é possível encontrar o arquivo “/Game/UrbanCity/Textures/Tileable/metal_01_r”
[2017.10.07-18.51.17:069][  0]LogLinker: Warning: Não é possível encontrar o arquivo do ativo “../../../../../../Users/Erick/Documents/GitHub/storm/storm/Content/UrbanCity/Materials/-Metal_Mat.uasset” ao carregar /Game/UrbanCity/Textures/Tileable/metal_01_r.
[2017.10.07-18.51.17:070][  0]LoadErrors: Error: /Game/UrbanCity/Materials/-Metal_Mat : Não é possível encontrar o arquivo do ativo. /Game/UrbanCity/Textures/Tileable/metal_01_r
[2017.10.07-18.51.17:070][  0]LogLinker: Warning: Não é possível encontrar o arquivo “/Game/UrbanCity/Textures/Tileable/metal_01_d”
[2017.10.07-18.51.17:070][  0]LogLinker: Warning: Não é possível encontrar o arquivo do ativo “../../../../../../Users/Erick/Documents/GitHub/storm/storm/Content/UrbanCity/Materials/-Metal_Mat.uasset” ao carregar /Game/UrbanCity/Textures/Tileable/metal_01_d.
[2017.10.07-18.51.17:070][  0]LoadErrors: Error: /Game/UrbanCity/Materials/-Metal_Mat : Não é possível encontrar o arquivo do ativo. /Game/UrbanCity/Textures/Tileable/metal_01_d
[2017.10.07-18.51.17:070][  0]LogLinker: Warning: Não é possível encontrar o arquivo “/Game/UrbanCity/Textures/Tileable/metal_01_n”
[2017.10.07-18.51.17:070][  0]LogLinker: Warning: Não é possível encontrar o arquivo do ativo “../../../../../../Users/Erick/Documents/GitHub/storm/storm/Content/UrbanCity/Materials/-Metal_Mat.uasset” ao carregar /Game/UrbanCity/Textures/Tileable/metal_01_n.
[2017.10.07-18.51.17:070][  0]LoadErrors: Error: /Game/UrbanCity/Materials/-Metal_Mat : Não é possível encontrar o arquivo do ativo. /Game/UrbanCity/Textures/Tileable/metal_01_n
[2017.10.07-18.51.17:070][  0]LogLinker: Warning: Não é possível encontrar o arquivo “/Game/UrbanCity/Textures/Tileable/metal_01_r”
[2017.10.07-18.51.17:071][  0]LogLinker: Warning: Não é possível encontrar o arquivo do ativo “../../../../../../Users/Erick/Documents/GitHub/storm/storm/Content/UrbanCity/Materials/-Metal_Mat.uasset” ao carregar /Game/UrbanCity/Textures/Tileable/metal_01_r.
[2017.10.07-18.51.17:071][  0]LoadErrors: Error: /Game/UrbanCity/Materials/-Metal_Mat : Não é possível encontrar o arquivo do ativo. /Game/UrbanCity/Textures/Tileable/metal_01_r
[2017.10.07-18.51.17:073][  0]LogLinker: Warning: Não é possível encontrar o arquivo “/Game/UrbanCity/Textures/Tileable/metal_01_d”
[2017.10.07-18.51.17:073][  0]LogLinker: Warning: Não é possível encontrar o arquivo do ativo “../../../../../../Users/Erick/Documents/GitHub/storm/storm/Content/UrbanCity/Materials/Tileable/metal_03_Inst.uasset” ao carregar /Game/UrbanCity/Textures/Tileable/metal_01_d.
[2017.10.07-18.51.17:073][  0]LoadErrors: Error: /Game/UrbanCity/Materials/Tileable/metal_03_Inst : Não é possível encontrar o arquivo do ativo. /Game/UrbanCity/Textures/Tileable/metal_01_d
[2017.10.07-18.51.17:073][  0]LogLinker: Warning: Não é possível encontrar o arquivo “/Game/UrbanCity/Textures/Tileable/road_r”
[2017.10.07-18.51.17:073][  0]LogLinker: Warning: Não é possível encontrar o arquivo do ativo “../../../../../../Users/Erick/Documents/GitHub/storm/storm/Content/UrbanCity/Materials/Tileable/metal_03_Inst.uasset” ao carregar /Game/UrbanCity/Textures/Tileable/road_r.
[2017.10.07-18.51.17:073][  0]LoadErrors: Error: /Game/UrbanCity/Materials/Tileable/metal_03_Inst : Não é possível encontrar o arquivo do ativo. /Game/UrbanCity/Textures/Tileable/road_r
[2017.10.07-18.51.17:073][  0]LogLinker: Warning: Não é possível encontrar o arquivo “/Game/UrbanCity/Textures/Tileable/metal_01_d”
[2017.10.07-18.51.17:074][  0]LogLinker: Warning: Não é possível encontrar o arquivo do ativo “../../../../../../Users/Erick/Documents/GitHub/storm/storm/Content/UrbanCity/Materials/Tileable/metal_03_Inst.uasset” ao carregar /Game/UrbanCity/Textures/Tileable/metal_01_d.
[2017.10.07-18.51.17:074][  0]LoadErrors: Error: /Game/UrbanCity/Materials/Tileable/metal_03_Inst : Não é possível encontrar o arquivo do ativo. /Game/UrbanCity/Textures/Tileable/metal_01_d
[2017.10.07-18.51.17:074][  0]LogLinker: Warning: Não é possível encontrar o arquivo “/Game/UrbanCity/Textures/Tileable/road_r”
[2017.10.07-18.51.17:074][  0]LogLinker: Warning: Não é possível encontrar o arquivo do ativo “../../../../../../Users/Erick/Documents/GitHub/storm/storm/Content/UrbanCity/Materials/Tileable/metal_03_Inst.uasset” ao carregar /Game/UrbanCity/Textures/Tileable/road_r.
[2017.10.07-18.51.17:074][  0]LoadErrors: Error: /Game/UrbanCity/Materials/Tileable/metal_03_Inst : Não é possível encontrar o arquivo do ativo. /Game/UrbanCity/Textures/Tileable/road_r
[2017.10.07-18.51.17:702][  0]LogLinker: Warning: Não é possível encontrar o arquivo “/Game/UrbanCity/Textures/Tileable/metal_01_d”
[2017.10.07-18.51.17:702][  0]LoadErrors: Falha ao carregar /Game/UrbanCity/Textures/Tileable/metal_01_d.metal_01_d Referenciado por metal_03_Inst
[2017.10.07-18.51.17:702][  0]LogLinker: Warning: Não é possível encontrar o arquivo do ativo “NULL” ao carregar /Game/UrbanCity/Textures/Tileable/metal_01_d.
[2017.10.07-18.51.17:702][  0]LoadErrors: Falha ao carregar /Game/UrbanCity/Textures/Tileable/metal_01_d.metal_01_d Referenciado por metal_03_Inst
[2017.10.07-18.51.17:702][  0]LogLinker: Warning: Não é possível encontrar o arquivo “/Game/UrbanCity/Textures/Tileable/road_r”
[2017.10.07-18.51.17:702][  0]LoadErrors: Falha ao carregar /Game/UrbanCity/Textures/Tileable/road_r.road_r Referenciado por metal_03_Inst
[2017.10.07-18.51.17:703][  0]LogLinker: Warning: Não é possível encontrar o arquivo do ativo “NULL” ao carregar /Game/UrbanCity/Textures/Tileable/road_r.
[2017.10.07-18.51.17:703][  0]LoadErrors: Falha ao carregar /Game/UrbanCity/Textures/Tileable/road_r.road_r Referenciado por metal_03_Inst
[2017.10.07-18.51.17:725][  0]LogLinker: Warning: Não é possível encontrar o arquivo “/Game/UrbanCity/Textures/Tileable/metal_01_d”
[2017.10.07-18.51.17:725][  0]LoadErrors: Falha ao carregar /Game/UrbanCity/Textures/Tileable/metal_01_d.metal_01_d Referenciado por MaterialExpressionTextureSampleParameter2D_0
[2017.10.07-18.51.17:725][  0]LogLinker: Warning: Não é possível encontrar o arquivo do ativo “NULL” ao carregar /Game/UrbanCity/Textures/Tileable/metal_01_d.
[2017.10.07-18.51.17:725][  0]LoadErrors: Falha ao carregar /Game/UrbanCity/Textures/Tileable/metal_01_d.metal_01_d Referenciado por MaterialExpressionTextureSampleParameter2D_0
[2017.10.07-18.51.17:726][  0]LogLinker: Warning: Não é possível encontrar o arquivo “/Game/UrbanCity/Textures/Tileable/metal_01_r”
[2017.10.07-18.51.17:726][  0]LoadErrors: Falha ao carregar /Game/UrbanCity/Textures/Tileable/metal_01_r.metal_01_r Referenciado por MaterialExpressionTextureSampleParameter2D_1
[2017.10.07-18.51.17:726][  0]LogLinker: Warning: Não é possível encontrar o arquivo do ativo “NULL” ao carregar /Game/UrbanCity/Textures/Tileable/metal_01_r.
[2017.10.07-18.51.17:726][  0]LoadErrors: Falha ao carregar /Game/UrbanCity/Textures/Tileable/metal_01_r.metal_01_r Referenciado por MaterialExpressionTextureSampleParameter2D_1
[2017.10.07-18.51.17:726][  0]LogLinker: Warning: Não é possível encontrar o arquivo “/Game/UrbanCity/Textures/Tileable/metal_01_n”
[2017.10.07-18.51.17:726][  0]LoadErrors: Falha ao carregar /Game/UrbanCity/Textures/Tileable/metal_01_n.metal_01_n Referenciado por MaterialExpressionTextureSampleParameter2D_2
[2017.10.07-18.51.17:726][  0]LogLinker: Warning: Não é possível encontrar o arquivo do ativo “NULL” ao carregar /Game/UrbanCity/Textures/Tileable/metal_01_n.
[2017.10.07-18.51.17:727][  0]LoadErrors: Falha ao carregar /Game/UrbanCity/Textures/Tileable/metal_01_n.metal_01_n Referenciado por MaterialExpressionTextureSampleParameter2D_2
[2017.10.07-18.51.17:760][  0]LogPackageName: Error: DoesPackageExist: DoesPackageExist FAILED: '/Game/deco/Drawer_Mesh _Skeleton' is not a standard unreal filename or a long path name. Reason: Name may not contain the following characters: ' '
[2017.10.07-18.51.17:760][  0]LogLinker: Warning: Não é possível encontrar o arquivo “/Game/deco/Drawer_Mesh _Skeleton”
[2017.10.07-18.51.17:761][  0]LoadErrors: Falha ao carregar /Game/deco/Drawer_Mesh _Skeleton.Drawer_Mesh _Skeleton Referenciado por Drawer_Mesh 
[2017.10.07-18.51.17:761][  0]LogPackageName: Error: DoesPackageExist: DoesPackageExist FAILED: '/Game/deco/Drawer_Mesh _Skeleton' is not a standard unreal filename or a long path name. Reason: Name may not contain the following characters: ' '
[2017.10.07-18.51.17:761][  0]LogLinker: Warning: Não é possível encontrar o arquivo do ativo “NULL” ao carregar /Game/deco/Drawer_Mesh _Skeleton.
[2017.10.07-18.51.17:761][  0]LoadErrors: Falha ao carregar /Game/deco/Drawer_Mesh _Skeleton.Drawer_Mesh _Skeleton Referenciado por Drawer_Mesh 
[2017.10.07-18.51.17:761][  0]LogPackageName: Error: DoesPackageExist: DoesPackageExist FAILED: '/Game/deco/Drawer_Mesh _PhysicsAsset' is not a standard unreal filename or a long path name. Reason: Name may not contain the following characters: ' '
[2017.10.07-18.51.17:761][  0]LogLinker: Warning: Não é possível encontrar o arquivo “/Game/deco/Drawer_Mesh _PhysicsAsset”
[2017.10.07-18.51.17:761][  0]LoadErrors: Falha ao carregar /Game/deco/Drawer_Mesh _PhysicsAsset.Drawer_Mesh _PhysicsAsset Referenciado por Drawer_Mesh 
[2017.10.07-18.51.17:761][  0]LogPackageName: Error: DoesPackageExist: DoesPackageExist FAILED: '/Game/deco/Drawer_Mesh _PhysicsAsset' is not a standard unreal filename or a long path name. Reason: Name may not contain the following characters: ' '
[2017.10.07-18.51.17:761][  0]LogLinker: Warning: Não é possível encontrar o arquivo do ativo “NULL” ao carregar /Game/deco/Drawer_Mesh _PhysicsAsset.
[2017.10.07-18.51.17:761][  0]LoadErrors: Falha ao carregar /Game/deco/Drawer_Mesh _PhysicsAsset.Drawer_Mesh _PhysicsAsset Referenciado por Drawer_Mesh 
[2017.10.07-18.51.18:722][  0]LogTexture: Display: Building textures: HQ_Lightmap0_3 (AutoDXT, 64X64)
[2017.10.07-18.51.18:722][  0]LogTexture: Display: Building textures: HQ_Lightmap1_1 (AutoDXT, 512X512)
[2017.10.07-18.51.18:722][  0]LogTexture: Display: Building textures: HQ_Lightmap1_2 (AutoDXT, 512X512)
[2017.10.07-18.51.19:313][  0]LogTexture: Display: Building textures: LQ_Lightmap_0_3 (DXT1, 64X64)
[2017.10.07-18.51.19:313][  0]LogTexture: Display: Building textures: LQ_Lightmap_1_1 (DXT1, 512X512)
[2017.10.07-18.51.19:313][  0]LogTexture: Display: Building textures: LQ_Lightmap_1_2 (DXT1, 512X512)
[2017.10.07-18.51.19:313][  0]LogTexture: Display: Building textures: SkyOcclusion0_3 (AutoDXT, 64X32)
[2017.10.07-18.51.19:313][  0]LogTexture: Display: Building textures: SkyOcclusion1_1 (AutoDXT, 512X256)
[2017.10.07-18.51.19:313][  0]LogTexture: Display: Building textures: SkyOcclusion1_2 (AutoDXT, 512X256)
[2017.10.07-18.51.19:313][  0]LogMaterial: Missing cached shader map for material -Metal_Mat, compiling. 
[2017.10.07-18.51.19:314][  0]LogMaterial: Warning: Failed to compile Material /Game/UrbanCity/Materials/-Metal_Mat.-Metal_Mat for platform PCD3D_SM5, Default Material will be used in game.
[2017.10.07-18.51.19:314][  0]LogMaterial: Warning: 	(Node TextureSampleParameter2D) Param2D> Requires Texture2D
[2017.10.07-18.51.19:582][  0]LogAIModule: Creating AISystem for world ThirdPersonExampleMap
[2017.10.07-18.51.24:162][  0]LogEditorServer: Finished looking for orphan Actors (0.000 secs)
[2017.10.07-18.51.24:432][  0]Cmd: MAP CHECKDEP NOCLEARLOG
[2017.10.07-18.51.24:573][  0]MapCheck: Map check complete: 0 Error(s), 0 Warning(s), took 140,381ms to complete.
[2017.10.07-18.51.24:573][  0]LogFileHelpers: Loading map 'ThirdPersonExampleMap' took 8.845
[2017.10.07-18.51.24:743][  0]LogStats: Warning: MetaData mismatch. Did you assign a stat to two groups? New //STATGROUP_Threads//SplashScreenThread///Thread_83c0_0///####STATCAT_Advanced#### old //STATGROUP_Threads//SplashScreenThread///Thread_80f4_0///####STATCAT_Advanced####
[2017.10.07-18.51.24:743][  0]LogCollectionManager: Loaded 0 collections in 0.004976 seconds
[2017.10.07-18.51.24:880][  0]LogFileCache: Scanning file cache for directory 'C:/Users/Erick/Documents/GitHub/storm/storm/Saved/Collections/' took 0.01s
[2017.10.07-18.51.24:880][  0]LogFileCache: Scanning file cache for directory 'C:/Users/Erick/Documents/GitHub/storm/storm/Content/Developers/Erick/Collections/' took 0.01s
[2017.10.07-18.51.24:880][  0]LogFileCache: Scanning file cache for directory 'C:/Users/Erick/Documents/GitHub/storm/storm/Content/Collections/' took 0.01s
[2017.10.07-18.51.24:880][  0]LogCollectionManager: Rebuilt the GUID cache for 0 collections in 0.000001 seconds
[2017.10.07-18.51.24:891][  0]LogContentBrowser: Native class hierarchy populated in 0.0110 seconds. Added 2385 classes and 498 folders.
[2017.10.07-18.51.25:041][  0]LogContentBrowser: Native class hierarchy updated for 'WidgetCarousel' in 0.0007 seconds. Added 0 classes and 0 folders.
[2017.10.07-18.51.25:539][  0]LogContentBrowser: Native class hierarchy updated for 'AddContentDialog' in 0.0008 seconds. Added 0 classes and 0 folders.
[2017.10.07-18.51.25:661][  0]LogContentBrowser: Native class hierarchy updated for 'SceneOutliner' in 0.0009 seconds. Added 1 classes and 2 folders.
[2017.10.07-18.51.25:696][  0]LogSlate: Took 0.006415 seconds to synchronously load lazily loaded font '../../../Engine/Content/Slate/Fonts/Roboto-Bold.ttf' (160K)
[2017.10.07-18.51.25:708][  0]LogSlate: Took 0.006324 seconds to synchronously load lazily loaded font '../../../Engine/Content/Editor/Slate/Fonts/FontAwesome.ttf' (139K)
[2017.10.07-18.51.25:935][  0]LogRenderer: Reallocating scene render targets to support 676x580 Format 10 NumSamples 1 (Frame:1).
[2017.10.07-18.51.26:244][  0]LogContentBrowser: Native class hierarchy updated for 'HierarchicalLODOutliner' in 0.0009 seconds. Added 1 classes and 2 folders.
[2017.10.07-18.51.26:244][  0]LogLoad: (Engine Initialization) Total time: 76.94 seconds
[2017.10.07-18.51.26:244][  0]LogLoad: (Engine Initialization) Total Blueprint compile time: 0.00 seconds
[2017.10.07-18.51.26:245][  0]LogExternalProfiler: Found external profiler: VSPerf
[2017.10.07-18.51.26:245][  0]LogExternalProfiler: Using external profiler: VSPerf
[2017.10.07-18.51.26:277][  0]SourceControl: On branch master
[2017.10.07-18.51.26:277][  0]SourceControl: Your branch is behind 'origin/master' by 1 commit, and can be fast-forwarded.
[2017.10.07-18.51.26:277][  0]SourceControl:   (use "git pull" to update your local branch)
[2017.10.07-18.51.26:277][  0]SourceControl: Changes to be committed:
[2017.10.07-18.51.26:277][  0]SourceControl:   (use "git reset HEAD <file>..." to unstage)
[2017.10.07-18.51.26:277][  0]SourceControl: 	new file:   storm/Content/Foliage/Grass/grass_LayerInfo.uasset
[2017.10.07-18.51.26:277][  0]SourceControl: 	new file:   storm/Content/UrbanCity/Textures/Props/39413743-brazil-flag-wallpapers.uasset
[2017.10.07-18.51.26:277][  0]SourceControl: 	new file:   storm/Content/UrbanCity/Textures/Props/39413743-brazil-flag-wallpapers_DISP.uasset
[2017.10.07-18.51.26:277][  0]SourceControl: 	new file:   storm/Content/UrbanCity/Textures/Props/39413743-brazil-flag-wallpapers_Mat.uasset
[2017.10.07-18.51.26:277][  0]SourceControl: 	new file:   storm/Content/UrbanCity/Textures/Props/39413743-brazil-flag-wallpapers_NRM.uasset
[2017.10.07-18.51.26:277][  0]SourceControl: 	new file:   storm/Content/UrbanCity/Textures/Props/39413743-brazil-flag-wallpapers_OCC.uasset
[2017.10.07-18.51.26:277][  0]SourceControl: 	new file:   storm/Content/UrbanCity/Textures/Props/39413743-brazil-flag-wallpapers_SPEC.uasset
[2017.10.07-18.51.26:277][  0]SourceControl: 	new file:   storm/Content/UrbanCity/Textures/Props/Papel-de-Parede-bandeira-brasileira-em-pano-36174.uasset
[2017.10.07-18.51.26:278][  0]SourceControl: 	new file:   storm/Content/aaa/07___Default.uasset
[2017.10.07-18.51.26:278][  0]SourceControl: 	new file:   storm/Content/aaa/D0208052.uasset
[2017.10.07-18.51.26:278][  0]SourceControl: 	new file:   storm/Content/aaa/D0208052d.uasset
[2017.10.07-18.51.26:278][  0]SourceControl: 	new file:   storm/Content/aaa/D0208052d_Box46_PhysicsAsset.uasset
[2017.10.07-18.51.26:278][  0]SourceControl: 	new file:   storm/Content/aaa/D0208052d_Box46_Skeleton.uasset
[2017.10.07-18.51.26:278][  0]SourceControl: 	new file:   storm/Content/aaa/D0208052d_hehualou02_PhysicsAsset.uasset
[2017.10.07-18.51.26:278][  0]SourceControl: 	new file:   storm/Content/aaa/D0208052d_hehualou02_Skeleton.uasset
[2017.10.07-18.51.26:278][  0]SourceControl: 	new file:   storm/Content/aaa/D0208052d_hehulou01_PhysicsAsset.uasset
[2017.10.07-18.51.26:278][  0]SourceControl: 	new file:   storm/Content/aaa/D0208052d_hehulou01_Skeleton.uasset
[2017.10.07-18.51.26:278][  0]SourceControl: 	new file:   storm/Content/aaa/D0208052s.uasset
[2017.10.07-18.51.26:278][  0]SourceControl: 	new file:   storm/Content/aaa/Material__51.uasset
[2017.10.07-18.51.26:278][  0]SourceControl: 	new file:   storm/Content/aaa/Material__52.uasset
[2017.10.07-18.51.26:278][  0]SourceControl: 	new file:   storm/Content/aaa/hehualou_cloor_01.uasset
[2017.10.07-18.51.26:278][  0]SourceControl: 	new file:   storm/Content/aaa/hehualou_cloor_02.uasset
[2017.10.07-18.51.26:278][  0]SourceControl: 	new file:   storm/Content/grass.uasset
[2017.10.07-18.51.26:278][  0]SourceControl: 	new file:   storm/Content/grass_LayerInfo.uasset
[2017.10.07-18.51.26:278][  0]SourceControl: 	new file:   storm/Content/grasss.uasset
[2017.10.07-18.51.26:278][  0]SourceControl: 	new file:   storm/Content/sss/D0208052.uasset
[2017.10.07-18.51.26:278][  0]SourceControl: 	new file:   storm/Content/sss/D0208052_Box46_Skeleton.uasset
[2017.10.07-18.51.26:278][  0]SourceControl: 	new file:   storm/Content/sss/D0208052_hehualou02_Skeleton.uasset
[2017.10.07-18.51.26:278][  0]SourceControl: 	new file:   storm/Content/sss/D0208052_hehulou01_Skeleton.uasset
[2017.10.07-18.51.26:278][  0]SourceControl: 	new file:   storm/Content/toilet/ValveMat.uasset
[2017.10.07-18.51.26:278][  0]SourceControl: 	new file:   storm/Content/toilet/Water.uasset
[2017.10.07-18.51.26:278][  0]SourceControl: 	new file:   storm/Content/toilet/WaterMat.uasset
[2017.10.07-18.51.26:278][  0]SourceControl: 	new file:   storm/Content/toilet/Water_TubeMat.uasset
[2017.10.07-18.51.26:278][  0]SourceControl: 	new file:   storm/Content/waterfall/water_d_Mat.uasset
[2017.10.07-18.51.26:278][  0]SourceControl: 	new file:   storm/Content/window/Window_001.uasset
[2017.10.07-18.51.26:278][  0]SourceControl: 	new file:   storm/Content/window/defaultMat.uasset
[2017.10.07-18.51.26:278][  0]SourceControl: 	new file:   storm/Content/windoww/Body_Courtyard_Template002_Window_reference_smd_mesh_0Mat.uasset
[2017.10.07-18.51.26:278][  0]SourceControl: 	new file:   storm/Content/windoww/Window_001.uasset
[2017.10.07-18.51.26:278][  0]SourceControl: 	new file:   storm/Content/windoww/Window_001_Skeleton.uasset
[2017.10.07-18.51.26:278][  0]SourceControl: 	new file:   storm/Content/windoww/defaultMat.uasset
[2017.10.07-18.51.26:278][  0]SourceControl: 	new file:   storm/Content/windoww/tex/window.uasset
[2017.10.07-18.51.26:278][  0]SourceControl: 	new file:   storm/Content/windoww/tex/window_normal.uasset
[2017.10.07-18.51.26:278][  0]SourceControl: 	new file:   storm/Content/windoww/window.uasset
[2017.10.07-18.51.26:278][  0]SourceControl: 	new file:   storm/Content/windoww/window_0_PhysicsAsset.uasset
[2017.10.07-18.51.26:278][  0]SourceControl: 	new file:   storm/Content/windoww/window_PhysicsAsset.uasset
[2017.10.07-18.51.26:278][  0]SourceControl: 	new file:   storm/Content/windoww/window_Skeleton.uasset
[2017.10.07-18.51.26:278][  0]SourceControl: Changes not staged for commit:
[2017.10.07-18.51.26:278][  0]SourceControl:   (use "git add/rm <file>..." to update what will be committed)
[2017.10.07-18.51.26:278][  0]SourceControl:   (use "git checkout -- <file>..." to discard changes in working directory)
[2017.10.07-18.51.26:278][  0]SourceControl: 	modified:   README.md
[2017.10.07-18.51.26:278][  0]SourceControl: 	modified:   storm/Config/DefaultGame.ini
[2017.10.07-18.51.26:278][  0]SourceControl: 	modified:   storm/Content/ThirdPersonBP/Maps/ThirdPersonExampleMap.umap
[2017.10.07-18.51.26:278][  0]SourceControl: 	modified:   storm/Content/UrbanCity/Textures/Props/39413743-brazil-flag-wallpapers_Mat.uasset
[2017.10.07-18.51.26:278][  0]SourceControl: 	modified:   storm/Content/aaa/07___Default.uasset
[2017.10.07-18.51.26:278][  0]SourceControl: 	modified:   storm/Content/aaa/Material__51.uasset
[2017.10.07-18.51.26:278][  0]SourceControl: 	modified:   storm/Content/aaa/Material__52.uasset
[2017.10.07-18.51.26:278][  0]SourceControl: 	modified:   storm/Content/grass.uasset
[2017.10.07-18.51.26:278][  0]SourceControl: 	deleted:    storm/Content/sss/D0208052.uasset
[2017.10.07-18.51.26:278][  0]SourceControl: 	deleted:    storm/Content/sss/D0208052_Box46_Skeleton.uasset
[2017.10.07-18.51.26:278][  0]SourceControl: 	deleted:    storm/Content/sss/D0208052_hehualou02_Skeleton.uasset
[2017.10.07-18.51.26:278][  0]SourceControl: 	deleted:    storm/Content/sss/D0208052_hehulou01_Skeleton.uasset
[2017.10.07-18.51.26:279][  0]SourceControl: 	modified:   storm/Content/windoww/window.uasset
[2017.10.07-18.51.26:279][  0]SourceControl: 	modified:   storm/Content/windoww/window_Skeleton.uasset
[2017.10.07-18.51.26:279][  0]SourceControl: Untracked files:
[2017.10.07-18.51.26:279][  0]SourceControl:   (use "git add <file>..." to include in what will be committed)
[2017.10.07-18.51.26:279][  0]SourceControl: 	storm/Build/
[2017.10.07-18.51.26:279][  0]SourceControl: 	storm/Config/DefaultEditor.ini
[2017.10.07-18.51.26:279][  0]SourceControl: 	storm/Config/DefaultEditorPerProjectUserSettings.ini
[2017.10.07-18.51.26:279][  0]SourceControl: 	storm/Content/Foliage/Bush/
[2017.10.07-18.51.26:279][  0]SourceControl: 	storm/Content/Foliage/Grass/M_grass.uasset
[2017.10.07-18.51.26:279][  0]SourceControl: 	storm/Content/Foliage/Grass/M_grass_Inst.uasset
[2017.10.07-18.51.26:279][  0]SourceControl: 	storm/Content/Foliage/Grass/SM_grass001.uasset
[2017.10.07-18.51.26:279][  0]SourceControl: 	storm/Content/Foliage/Grass/SM_grass002.uasset
[2017.10.07-18.51.26:279][  0]SourceControl: 	storm/Content/Foliage/Grass/SM_grass003.uasset
[2017.10.07-18.51.26:279][  0]SourceControl: 	storm/Content/Foliage/Grass/tex_grass_diff.uasset
[2017.10.07-18.51.26:279][  0]SourceControl: 	storm/Content/Foliage/Grass/tex_placeholder_diff.uasset
[2017.10.07-18.51.26:279][  0]SourceControl: 	storm/Content/Foliage/Tree/
[2017.10.07-18.51.26:279][  0]SourceControl: 	storm/Content/Foliage/test_map.umap
[2017.10.07-18.51.26:279][  0]SourceControl: 	storm/Content/Geometry/Meshes/1M_Cube.uasset
[2017.10.07-18.51.26:279][  0]SourceControl: 	storm/Content/Geometry/Meshes/1M_Cube_Chamfer.uasset
[2017.10.07-18.51.26:279][  0]SourceControl: 	storm/Content/Geometry/Meshes/TemplateFloor.uasset
[2017.10.07-18.51.26:279][  0]SourceControl: 	storm/Content/Mannequin/Animations/
[2017.10.07-18.51.26:279][  0]SourceControl: 	storm/Content/Mannequin/Character/Materials/
[2017.10.07-18.51.26:279][  0]SourceControl: 	storm/Content/Mannequin/Character/Mesh/SK_Mannequin.uasset
[2017.10.07-18.51.26:279][  0]SourceControl: 	storm/Content/Mannequin/Character/Mesh/SK_Mannequin_PhysicsAsset.uasset
[2017.10.07-18.51.26:279][  0]SourceControl: 	storm/Content/Mannequin/Character/Textures/
[2017.10.07-18.51.26:279][  0]SourceControl: 	storm/Content/StarterContent/Architecture/
[2017.10.07-18.51.26:279][  0]SourceControl: 	storm/Content/StarterContent/Blueprints/
[2017.10.07-18.51.26:279][  0]SourceControl: 	storm/Content/StarterContent/HDRI/
[2017.10.07-18.51.26:279][  0]SourceControl: 	storm/Content/StarterContent/Maps/
[2017.10.07-18.51.26:279][  0]SourceControl: 	storm/Content/StarterContent/Materials/M_Metal_Brushed_Nickel.uasset
[2017.10.07-18.51.26:279][  0]SourceControl: 	storm/Content/StarterContent/Materials/M_Metal_Burnished_Steel.uasset
[2017.10.07-18.51.26:279][  0]SourceControl: 	storm/Content/StarterContent/Materials/M_Metal_Chrome.uasset
[2017.10.07-18.51.26:279][  0]SourceControl: 	storm/Content/StarterContent/Materials/M_Metal_Copper.uasset
[2017.10.07-18.51.26:279][  0]SourceControl: 	storm/Content/StarterContent/Materials/M_Metal_Gold.uasset
[2017.10.07-18.51.26:279][  0]SourceControl: 	storm/Content/StarterContent/Materials/M_Metal_Rust.uasset
[2017.10.07-18.51.26:279][  0]SourceControl: 	storm/Content/StarterContent/Materials/M_Metal_Steel.uasset
[2017.10.07-18.51.26:279][  0]SourceControl: 	storm/Content/StarterContent/Materials/M_Rock_Basalt.uasset
[2017.10.07-18.51.26:279][  0]SourceControl: 	storm/Content/StarterContent/Materials/M_Rock_Marble_Polished.uasset
[2017.10.07-18.51.26:279][  0]SourceControl: 	storm/Content/StarterContent/Materials/M_Rock_Sandstone.uasset
[2017.10.07-18.51.26:279][  0]SourceControl: 	storm/Content/StarterContent/Materials/M_Rock_Slate.uasset
[2017.10.07-18.51.26:279][  0]SourceControl: 	storm/Content/StarterContent/Materials/M_Tech_Checker_Dot.uasset
[2017.10.07-18.51.26:279][  0]SourceControl: 	storm/Content/StarterContent/Materials/M_Tech_Hex_Tile.uasset
[2017.10.07-18.51.26:279][  0]SourceControl: 	storm/Content/StarterContent/Materials/M_Tech_Hex_Tile_Pulse.uasset
[2017.10.07-18.51.26:279][  0]SourceControl: 	storm/Content/StarterContent/Materials/M_Tech_Panel.uasset
[2017.10.07-18.51.26:279][  0]SourceControl: 	storm/Content/StarterContent/Materials/M_Water_Lake.uasset
[2017.10.07-18.51.26:279][  0]SourceControl: 	storm/Content/StarterContent/Materials/M_Water_Ocean.uasset
[2017.10.07-18.51.26:279][  0]SourceControl: 	storm/Content/StarterContent/Materials/M_Wood_Floor_Walnut_Polished.uasset
[2017.10.07-18.51.26:279][  0]SourceControl: 	storm/Content/StarterContent/Materials/M_Wood_Floor_Walnut_Worn.uasset
[2017.10.07-18.51.26:279][  0]SourceControl: 	storm/Content/StarterContent/Materials/M_Wood_Oak.uasset
[2017.10.07-18.51.26:279][  0]SourceControl: 	storm/Content/StarterContent/Materials/M_Wood_Pine.uasset
[2017.10.07-18.51.26:279][  0]SourceControl: 	storm/Content/StarterContent/Materials/M_Wood_Walnut.uasset
[2017.10.07-18.51.26:279][  0]SourceControl: 	storm/Content/StarterContent/Particles/Materials/M_Radial_Gradient.uasset
[2017.10.07-18.51.26:279][  0]SourceControl: 	storm/Content/StarterContent/Particles/Materials/M_Spark.uasset
[2017.10.07-18.51.26:279][  0]SourceControl: 	storm/Content/StarterContent/Particles/Materials/M_radial_ramp.uasset
[2017.10.07-18.51.26:279][  0]SourceControl: 	storm/Content/StarterContent/Particles/Materials/M_smoke_subUV.uasset
[2017.10.07-18.51.26:279][  0]SourceControl: 	storm/Content/StarterContent/Particles/P_Ambient_Dust.uasset
[2017.10.07-18.51.26:279][  0]SourceControl: 	storm/Content/StarterContent/Particles/P_Explosion.uasset
[2017.10.07-18.51.26:280][  0]SourceControl: 	storm/Content/StarterContent/Particles/P_Fire.uasset
[2017.10.07-18.51.26:280][  0]SourceControl: 	storm/Content/StarterContent/Particles/P_Smoke.uasset
[2017.10.07-18.51.26:280][  0]SourceControl: 	storm/Content/StarterContent/Particles/P_Sparks.uasset
[2017.10.07-18.51.26:280][  0]SourceControl: 	storm/Content/StarterContent/Particles/P_Steam_Lit.uasset
[2017.10.07-18.51.26:280][  0]SourceControl: 	storm/Content/StarterContent/Props/Materials/M_MaterialSphere.uasset
[2017.10.07-18.51.26:280][  0]SourceControl: 	storm/Content/StarterContent/Props/Materials/M_MaterialSphere_Plain.uasset
[2017.10.07-18.51.26:280][  0]SourceControl: 	storm/Content/StarterContent/Props/Materials/M_Rock.uasset
[2017.10.07-18.51.26:280][  0]SourceControl: 	storm/Content/StarterContent/Props/Materials/M_Shelf.uasset
[2017.10.07-18.51.26:280][  0]SourceControl: 	storm/Content/StarterContent/Props/Materials/M_Statue.uasset
[2017.10.07-18.51.26:280][  0]SourceControl: 	storm/Content/StarterContent/Props/Materials/M_StatueGlass.uasset
[2017.10.07-18.51.26:280][  0]SourceControl: 	storm/Content/StarterContent/Props/Materials/M_TableRound.uasset
[2017.10.07-18.51.26:280][  0]SourceControl: 	storm/Content/StarterContent/Shapes/
[2017.10.07-18.51.26:280][  0]SourceControl: 	storm/Content/StarterContent/Textures/
[2017.10.07-18.51.26:280][  0]SourceControl: 	storm/Content/ThirdPerson/
[2017.10.07-18.51.26:280][  0]SourceControl: 	storm/Content/ThirdPersonBP/Blueprints/
[2017.10.07-18.51.26:280][  0]SourceControl: 	storm/Content/UrbanCity/Materials/-Foliage.uasset
[2017.10.07-18.51.26:280][  0]SourceControl: 	storm/Content/UrbanCity/Materials/-Metal_Mat.uasset
[2017.10.07-18.51.26:280][  0]SourceControl: 	storm/Content/UrbanCity/Materials/-Tilable_Ground.uasset
[2017.10.07-18.51.26:280][  0]SourceControl: 	storm/Content/UrbanCity/Materials/-Tilable_mat.uasset
[2017.10.07-18.51.26:280][  0]SourceControl: 	storm/Content/UrbanCity/Materials/-Window_mat.uasset
[2017.10.07-18.51.26:280][  0]SourceControl: 	storm/Content/UrbanCity/Materials/Buildings/
[2017.10.07-18.51.26:280][  0]SourceControl: 	storm/Content/UrbanCity/Materials/ColorVariation_WorldSpace.uasset
[2017.10.07-18.51.26:280][  0]SourceControl: 	storm/Content/UrbanCity/Materials/Decals/
[2017.10.07-18.51.26:280][  0]SourceControl: 	storm/Content/UrbanCity/Materials/DemoTerrainMat.uasset
[2017.10.07-18.51.26:280][  0]SourceControl: 	storm/Content/UrbanCity/Materials/Foliage/-Foliage.uasset
[2017.10.07-18.51.26:280][  0]SourceControl: 	storm/Content/UrbanCity/Materials/Foliage/Foliage_01_Inst.uasset
[2017.10.07-18.51.26:280][  0]SourceControl: 	storm/Content/UrbanCity/Materials/Foliage/Foliage_01_Inst_STorm.uasset
[2017.10.07-18.51.26:280][  0]SourceControl: 	storm/Content/UrbanCity/Materials/Foliage/Foliage_Mat.uasset
[2017.10.07-18.51.26:280][  0]SourceControl: 	storm/Content/UrbanCity/Materials/Foliage/dECALS.uasset
[2017.10.07-18.51.26:280][  0]SourceControl: 	storm/Content/UrbanCity/Materials/Foliage/decal_DeadLeaves_Inst.uasset
[2017.10.07-18.51.26:280][  0]SourceControl: 	storm/Content/UrbanCity/Materials/Functions/
[2017.10.07-18.51.26:280][  0]SourceControl: 	storm/Content/UrbanCity/Materials/Props/
[2017.10.07-18.51.26:280][  0]SourceControl: 	storm/Content/UrbanCity/Materials/Road.uasset
[2017.10.07-18.51.26:280][  0]SourceControl: 	storm/Content/UrbanCity/Materials/Tileable/
[2017.10.07-18.51.26:280][  0]SourceControl: 	storm/Content/UrbanCity/Materials/Tint.uasset
[2017.10.07-18.51.26:280][  0]SourceControl: 	storm/Content/UrbanCity/Materials/building_mat.uasset
[2017.10.07-18.51.26:280][  0]SourceControl: 	storm/Content/UrbanCity/Models/
[2017.10.07-18.51.26:280][  0]SourceControl: 	storm/Content/UrbanCity/Particles/
[2017.10.07-18.51.26:280][  0]SourceControl: 	storm/Content/UrbanCity/Textures/Detail_Metal_A_N.uasset
[2017.10.07-18.51.26:280][  0]SourceControl: 	storm/Content/UrbanCity/Textures/Foliage/
[2017.10.07-18.51.26:280][  0]SourceControl: 	storm/Content/UrbanCity/Textures/LUT.uasset
[2017.10.07-18.51.26:280][  0]SourceControl: 	storm/Content/UrbanCity/Textures/Props/Awning_A.uasset
[2017.10.07-18.51.26:280][  0]SourceControl: 	storm/Content/UrbanCity/Textures/Props/Awning_C.uasset
[2017.10.07-18.51.26:280][  0]SourceControl: 	storm/Content/UrbanCity/Textures/Props/Awning_N.uasset
[2017.10.07-18.51.26:280][  0]SourceControl: 	storm/Content/UrbanCity/Textures/Props/Door1_A.uasset
[2017.10.07-18.51.26:280][  0]SourceControl: 	storm/Content/UrbanCity/Textures/Props/Door1_C.uasset
[2017.10.07-18.51.26:280][  0]SourceControl: 	storm/Content/UrbanCity/Textures/Props/Door1_N.uasset
[2017.10.07-18.51.26:280][  0]SourceControl: 	storm/Content/UrbanCity/Textures/Props/Door2_A.uasset
[2017.10.07-18.51.26:280][  0]SourceControl: 	storm/Content/UrbanCity/Textures/Props/Door2_C.uasset
[2017.10.07-18.51.26:280][  0]SourceControl: 	storm/Content/UrbanCity/Textures/Props/Door2_N.uasset
[2017.10.07-18.51.26:280][  0]SourceControl: 	storm/Content/UrbanCity/Textures/Props/Fountain_A.uasset
[2017.10.07-18.51.26:280][  0]SourceControl: 	storm/Content/UrbanCity/Textures/Props/Fountain_C.uasset
[2017.10.07-18.51.26:280][  0]SourceControl: 	storm/Content/UrbanCity/Textures/Props/Fountain_N.uasset
[2017.10.07-18.51.26:281][  0]SourceControl: 	storm/Content/UrbanCity/Textures/Props/Signs_A.uasset
[2017.10.07-18.51.26:281][  0]SourceControl: 	storm/Content/UrbanCity/Textures/Props/Signs_C.uasset
[2017.10.07-18.51.26:281][  0]SourceControl: 	storm/Content/UrbanCity/Textures/Props/Signs_N.uasset
[2017.10.07-18.51.26:281][  0]SourceControl: 	storm/Content/UrbanCity/Textures/Props/Stairs_A.uasset
[2017.10.07-18.51.26:281][  0]SourceControl: 	storm/Content/UrbanCity/Textures/Props/Stairs_C.uasset
[2017.10.07-18.51.26:281][  0]SourceControl: 	storm/Content/UrbanCity/Textures/Props/Stairs_N.uasset
[2017.10.07-18.51.26:281][  0]SourceControl: 	storm/Content/UrbanCity/Textures/Props/StoreSigns_A.uasset
[2017.10.07-18.51.26:281][  0]SourceControl: 	storm/Content/UrbanCity/Textures/Props/StoreSigns_C.uasset
[2017.10.07-18.51.26:281][  0]SourceControl: 	storm/Content/UrbanCity/Textures/Props/StoreSigns_E.uasset
[2017.10.07-18.51.26:281][  0]SourceControl: 	storm/Content/UrbanCity/Textures/Props/StoreSigns_N.uasset
[2017.10.07-18.51.26:281][  0]SourceControl: 	storm/Content/UrbanCity/Textures/Props/TrashBag_A.uasset
[2017.10.07-18.51.26:281][  0]SourceControl: 	storm/Content/UrbanCity/Textures/Props/TrashBag_C.uasset
[2017.10.07-18.51.26:281][  0]SourceControl: 	storm/Content/UrbanCity/Textures/Props/TrashBag_N.uasset
[2017.10.07-18.51.26:281][  0]SourceControl: 	storm/Content/UrbanCity/Textures/Props/Tree_Fence_A.uasset
[2017.10.07-18.51.26:281][  0]SourceControl: 	storm/Content/UrbanCity/Textures/Props/Tree_Fence_C.uasset
[2017.10.07-18.51.26:281][  0]SourceControl: 	storm/Content/UrbanCity/Textures/Props/Tree_Fence_N.uasset
[2017.10.07-18.51.26:281][  0]SourceControl: 	storm/Content/UrbanCity/Textures/Props/doors_d.uasset
[2017.10.07-18.51.26:281][  0]SourceControl: 	storm/Content/UrbanCity/Textures/Props/doors_n.uasset
[2017.10.07-18.51.26:281][  0]SourceControl: 	storm/Content/UrbanCity/Textures/Props/doors_r.uasset
[2017.10.07-18.51.26:281][  0]SourceControl: 	storm/Content/UrbanCity/Textures/Props/misc_01_d.uasset
[2017.10.07-18.51.26:281][  0]SourceControl: 	storm/Content/UrbanCity/Textures/Props/misc_01_m.uasset
[2017.10.07-18.51.26:281][  0]SourceControl: 	storm/Content/UrbanCity/Textures/Props/misc_01_n.uasset
[2017.10.07-18.51.26:281][  0]SourceControl: 	storm/Content/UrbanCity/Textures/Props/misc_01_r.uasset
[2017.10.07-18.51.26:281][  0]SourceControl: 	storm/Content/UrbanCity/Textures/Props/prp_barriers_a.uasset
[2017.10.07-18.51.26:281][  0]SourceControl: 	storm/Content/UrbanCity/Textures/Props/prp_barriers_ao.uasset
[2017.10.07-18.51.26:281][  0]SourceControl: 	storm/Content/UrbanCity/Textures/Props/prp_barriers_m.uasset
[2017.10.07-18.51.26:281][  0]SourceControl: 	storm/Content/UrbanCity/Textures/Props/prp_barriers_n.uasset
[2017.10.07-18.51.26:281][  0]SourceControl: 	storm/Content/UrbanCity/Textures/Props/prp_barriers_r.uasset
[2017.10.07-18.51.26:281][  0]SourceControl: 	storm/Content/UrbanCity/Textures/Props/prp_bench_a.uasset
[2017.10.07-18.51.26:281][  0]SourceControl: 	storm/Content/UrbanCity/Textures/Props/prp_bench_ao.uasset
[2017.10.07-18.51.26:281][  0]SourceControl: 	storm/Content/UrbanCity/Textures/Props/prp_bench_m.uasset
[2017.10.07-18.51.26:281][  0]SourceControl: 	storm/Content/UrbanCity/Textures/Props/prp_bench_n.uasset
[2017.10.07-18.51.26:281][  0]SourceControl: 	storm/Content/UrbanCity/Textures/Props/prp_bench_r.uasset
[2017.10.07-18.51.26:281][  0]SourceControl: 	storm/Content/UrbanCity/Textures/Props/prp_cementBarrier_a.uasset
[2017.10.07-18.51.26:281][  0]SourceControl: 	storm/Content/UrbanCity/Textures/Props/prp_cementBarrier_ao.uasset
[2017.10.07-18.51.26:281][  0]SourceControl: 	storm/Content/UrbanCity/Textures/Props/prp_cementBarrier_n.uasset
[2017.10.07-18.51.26:281][  0]SourceControl: 	storm/Content/UrbanCity/Textures/Props/prp_cementBarrier_r.uasset
[2017.10.07-18.51.26:281][  0]SourceControl: 	storm/Content/UrbanCity/Textures/Props/prp_electricalBox_a.uasset
[2017.10.07-18.51.26:281][  0]SourceControl: 	storm/Content/UrbanCity/Textures/Props/prp_electricalBox_ao.uasset
[2017.10.07-18.51.26:281][  0]SourceControl: 	storm/Content/UrbanCity/Textures/Props/prp_electricalBox_m.uasset
[2017.10.07-18.51.26:281][  0]SourceControl: 	storm/Content/UrbanCity/Textures/Props/prp_electricalBox_n.uasset
[2017.10.07-18.51.26:281][  0]SourceControl: 	storm/Content/UrbanCity/Textures/Props/prp_electricalBox_r.uasset
[2017.10.07-18.51.26:281][  0]SourceControl: 	storm/Content/UrbanCity/Textures/Props/prp_fireHydrant_a.uasset
[2017.10.07-18.51.26:281][  0]SourceControl: 	storm/Content/UrbanCity/Textures/Props/prp_fireHydrant_ao.uasset
[2017.10.07-18.51.26:281][  0]SourceControl: 	storm/Content/UrbanCity/Textures/Props/prp_fireHydrant_m.uasset
[2017.10.07-18.51.26:281][  0]SourceControl: 	storm/Content/UrbanCity/Textures/Props/prp_fireHydrant_n.uasset
[2017.10.07-18.51.26:281][  0]SourceControl: 	storm/Content/UrbanCity/Textures/Props/prp_fireHydrant_r.uasset
[2017.10.07-18.51.26:281][  0]SourceControl: 	storm/Content/UrbanCity/Textures/Props/prp_garbageCan_a.uasset
[2017.10.07-18.51.26:281][  0]SourceControl: 	storm/Content/UrbanCity/Textures/Props/prp_garbageCan_ao.uasset
[2017.10.07-18.51.26:281][  0]SourceControl: 	storm/Content/UrbanCity/Textures/Props/prp_garbageCan_m.uasset
[2017.10.07-18.51.26:281][  0]SourceControl: 	storm/Content/UrbanCity/Textures/Props/prp_garbageCan_n.uasset
[2017.10.07-18.51.26:281][  0]SourceControl: 	storm/Content/UrbanCity/Textures/Props/prp_garbageCan_r.uasset
[2017.10.07-18.51.26:281][  0]SourceControl: 	storm/Content/UrbanCity/Textures/Props/prp_metalPillar_a.uasset
[2017.10.07-18.51.26:281][  0]SourceControl: 	storm/Content/UrbanCity/Textures/Props/prp_metalPillar_ao.uasset
[2017.10.07-18.51.26:281][  0]SourceControl: 	storm/Content/UrbanCity/Textures/Props/prp_metalPillar_m.uasset
[2017.10.07-18.51.26:282][  0]SourceControl: 	storm/Content/UrbanCity/Textures/Props/prp_metalPillar_n.uasset
[2017.10.07-18.51.26:282][  0]SourceControl: 	storm/Content/UrbanCity/Textures/Props/prp_metalPillar_r.uasset
[2017.10.07-18.51.26:282][  0]SourceControl: 	storm/Content/UrbanCity/Textures/Props/prp_parkingMeter_a.uasset
[2017.10.07-18.51.26:282][  0]SourceControl: 	storm/Content/UrbanCity/Textures/Props/prp_parkingMeter_ao.uasset
[2017.10.07-18.51.26:282][  0]SourceControl: 	storm/Content/UrbanCity/Textures/Props/prp_parkingMeter_n.uasset
[2017.10.07-18.51.26:282][  0]SourceControl: 	storm/Content/UrbanCity/Textures/Props/prp_parkingMeter_r.uasset
[2017.10.07-18.51.26:282][  0]SourceControl: 	storm/Content/UrbanCity/Textures/Props/prp_patioFurniture_a.uasset
[2017.10.07-18.51.26:282][  0]SourceControl: 	storm/Content/UrbanCity/Textures/Props/prp_patioFurniture_ao.uasset
[2017.10.07-18.51.26:282][  0]SourceControl: 	storm/Content/UrbanCity/Textures/Props/prp_patioFurniture_m.uasset
[2017.10.07-18.51.26:282][  0]SourceControl: 	storm/Content/UrbanCity/Textures/Props/prp_patioFurniture_n.uasset
[2017.10.07-18.51.26:282][  0]SourceControl: 	storm/Content/UrbanCity/Textures/Props/prp_patioFurniture_r.uasset
[2017.10.07-18.51.26:282][  0]SourceControl: 	storm/Content/UrbanCity/Textures/Props/prp_pole_a.uasset
[2017.10.07-18.51.26:282][  0]SourceControl: 	storm/Content/UrbanCity/Textures/Props/prp_pole_n.uasset
[2017.10.07-18.51.26:282][  0]SourceControl: 	storm/Content/UrbanCity/Textures/Props/prp_pole_r.uasset
[2017.10.07-18.51.26:282][  0]SourceControl: 	storm/Content/UrbanCity/Textures/Props/prp_powerlines_a.uasset
[2017.10.07-18.51.26:282][  0]SourceControl: 	storm/Content/UrbanCity/Textures/Props/prp_powerlines_m.uasset
[2017.10.07-18.51.26:282][  0]SourceControl: 	storm/Content/UrbanCity/Textures/Props/prp_powerlines_n.uasset
[2017.10.07-18.51.26:282][  0]SourceControl: 	storm/Content/UrbanCity/Textures/Props/prp_powerlines_r.uasset
[2017.10.07-18.51.26:282][  0]SourceControl: 	storm/Content/UrbanCity/Textures/Props/prp_pylons_a.uasset
[2017.10.07-18.51.26:282][  0]SourceControl: 	storm/Content/UrbanCity/Textures/Props/prp_pylons_ao.uasset
[2017.10.07-18.51.26:282][  0]SourceControl: 	storm/Content/UrbanCity/Textures/Props/prp_pylons_n.uasset
[2017.10.07-18.51.26:282][  0]SourceControl: 	storm/Content/UrbanCity/Textures/Props/prp_pylons_r.uasset
[2017.10.07-18.51.26:282][  0]SourceControl: 	storm/Content/UrbanCity/Textures/Props/prp_streetLight_a.uasset
[2017.10.07-18.51.26:282][  0]SourceControl: 	storm/Content/UrbanCity/Textures/Props/prp_streetLight_ao.uasset
[2017.10.07-18.51.26:282][  0]SourceControl: 	storm/Content/UrbanCity/Textures/Props/prp_streetLight_m.uasset
[2017.10.07-18.51.26:282][  0]SourceControl: 	storm/Content/UrbanCity/Textures/Props/prp_streetLight_n.uasset
[2017.10.07-18.51.26:282][  0]SourceControl: 	storm/Content/UrbanCity/Textures/Props/prp_streetLight_r.uasset
[2017.10.07-18.51.26:282][  0]SourceControl: 	storm/Content/UrbanCity/Textures/Props/prp_streetLights_e.uasset
[2017.10.07-18.51.26:282][  0]SourceControl: 	storm/Content/UrbanCity/Textures/Props/prp_tarp_a.uasset
[2017.10.07-18.51.26:282][  0]SourceControl: 	storm/Content/UrbanCity/Textures/Props/prp_tarp_ao.uasset
[2017.10.07-18.51.26:282][  0]SourceControl: 	storm/Content/UrbanCity/Textures/Props/prp_tarp_n.uasset
[2017.10.07-18.51.26:282][  0]SourceControl: 	storm/Content/UrbanCity/Textures/Props/usaflag.uasset
[2017.10.07-18.51.26:282][  0]SourceControl: 	storm/Content/UrbanCity/Textures/Props/wood_grunge.uasset
[2017.10.07-18.51.26:282][  0]SourceControl: 	storm/Content/props/Sign_1_mdl.uasset
[2017.10.07-18.51.26:282][  0]SourceControl: 	storm/Content/props/Sign_2_mdl.uasset
[2017.10.07-18.51.26:282][  0]SourceControl: 	storm/Content/props/Sign_3_mdl.uasset
[2017.10.07-18.51.26:282][  0]SourceControl: 	storm/Content/props/Sign_4_mdl.uasset
[2017.10.07-18.51.26:282][  0]SourceControl: 	storm/Content/props/Sign_5_mdl.uasset
[2017.10.07-18.51.26:282][  0]SourceControl: 	storm/Content/props/Stairs_1_mdl.uasset
[2017.10.07-18.51.26:282][  0]SourceControl: 	storm/Content/props/Stairs_2_mdl.uasset
[2017.10.07-18.51.26:282][  0]SourceControl: 	storm/Content/props/Stairs_3_mdl.uasset
[2017.10.07-18.51.26:282][  0]SourceControl: 	storm/Content/props/Stairs_4_mdl.uasset
[2017.10.07-18.51.26:282][  0]SourceControl: 	storm/Content/props/StoreSign_1_mdl.uasset
[2017.10.07-18.51.26:282][  0]SourceControl: 	storm/Content/props/StoreSign_2_mdl.uasset
[2017.10.07-18.51.26:282][  0]SourceControl: 	storm/Content/props/StoreSign_3_mdl.uasset
[2017.10.07-18.51.26:282][  0]SourceControl: 	storm/Content/props/StoreSign_4_mdl.uasset
[2017.10.07-18.51.26:282][  0]SourceControl: 	storm/Content/props/TrashBag_1_mdl.uasset
[2017.10.07-18.51.26:282][  0]SourceControl: 	storm/Content/props/TrashBag_2_mdl.uasset
[2017.10.07-18.51.26:282][  0]SourceControl: 	storm/Content/props/Tree_Fence_mdl.uasset
[2017.10.07-18.51.26:282][  0]SourceControl: 	storm/Content/props/mat/
[2017.10.07-18.51.26:282][  0]SourceControl: 	storm/Content/props/prp_ac_02.uasset
[2017.10.07-18.51.26:282][  0]SourceControl: 	storm/Content/props/prp_barrier_Lrg.uasset
[2017.10.07-18.51.26:282][  0]SourceControl: 	storm/Content/props/prp_barrier_Sml.uasset
[2017.10.07-18.51.26:282][  0]SourceControl: 	storm/Content/props/prp_bench.uasset
[2017.10.07-18.51.26:283][  0]SourceControl: 	storm/Content/props/prp_cementBarrier.uasset
[2017.10.07-18.51.26:283][  0]SourceControl: 	storm/Content/props/prp_chainlinkFence.uasset
[2017.10.07-18.51.26:283][  0]SourceControl: 	storm/Content/props/prp_chainlinkPost.uasset
[2017.10.07-18.51.26:283][  0]SourceControl: 	storm/Content/props/prp_chair.uasset
[2017.10.07-18.51.26:283][  0]SourceControl: 	storm/Content/props/prp_crosswalkSign.uasset
[2017.10.07-18.51.26:283][  0]SourceControl: 	storm/Content/props/prp_electricalBox.uasset
[2017.10.07-18.51.26:283][  0]SourceControl: 	storm/Content/props/prp_fireHydrant_A.uasset
[2017.10.07-18.51.26:283][  0]SourceControl: 	storm/Content/props/prp_fireHydrant_B.uasset
[2017.10.07-18.51.26:283][  0]SourceControl: 	storm/Content/props/prp_flag.uasset
[2017.10.07-18.51.26:283][  0]SourceControl: 	storm/Content/props/prp_garbageCan.uasset
[2017.10.07-18.51.26:283][  0]SourceControl: 	storm/Content/props/prp_light_01.uasset
[2017.10.07-18.51.26:283][  0]SourceControl: 	storm/Content/props/prp_light_02.uasset
[2017.10.07-18.51.26:283][  0]SourceControl: 	storm/Content/props/prp_light_03.uasset
[2017.10.07-18.51.26:283][  0]SourceControl: 	storm/Content/props/prp_light_04.uasset
[2017.10.07-18.51.26:283][  0]SourceControl: 	storm/Content/props/prp_manhole.uasset
[2017.10.07-18.51.26:283][  0]SourceControl: 	storm/Content/props/prp_metalFence.uasset
[2017.10.07-18.51.26:283][  0]SourceControl: 	storm/Content/props/prp_metalPillar.uasset
[2017.10.07-18.51.26:283][  0]SourceControl: 	storm/Content/props/prp_parkingMeter.uasset
[2017.10.07-18.51.26:283][  0]SourceControl: 	storm/Content/props/prp_potRoung.uasset
[2017.10.07-18.51.26:283][  0]SourceControl: 	storm/Content/props/prp_potSquare_A.uasset
[2017.10.07-18.51.26:283][  0]SourceControl: 	storm/Content/props/prp_potSquare_B.uasset
[2017.10.07-18.51.26:283][  0]SourceControl: 	storm/Content/props/prp_powerlines.uasset
[2017.10.07-18.51.26:283][  0]SourceControl: 	storm/Content/props/prp_pylon_Lrg.uasset
[2017.10.07-18.51.26:283][  0]SourceControl: 	storm/Content/props/prp_pylong_Sml.uasset
[2017.10.07-18.51.26:283][  0]SourceControl: 	storm/Content/props/prp_sewerGrate.uasset
[2017.10.07-18.51.26:283][  0]SourceControl: 	storm/Content/props/prp_streetLight.uasset
[2017.10.07-18.51.26:283][  0]SourceControl: 	storm/Content/props/prp_table.uasset
[2017.10.07-18.51.26:283][  0]SourceControl: 	storm/Content/props/prp_tableUmbrella.uasset
[2017.10.07-18.51.26:283][  0]SourceControl: 	storm/Content/props/prp_tarp.uasset
[2017.10.07-18.51.26:283][  0]SourceControl: 	storm/Content/props/prp_telephonepole.uasset
[2017.10.07-18.51.26:283][  0]SourceControl: 	storm/Content/props/prp_trafficLight.uasset
[2017.10.07-18.51.26:283][  0]SourceControl: 	storm/Content/props/prp_vent_01.uasset
[2017.10.07-18.51.26:283][  0]SourceControl: 	storm/Content/props/prp_vent_02.uasset
[2017.10.07-18.51.26:283][  0]SourceControl: 	storm/Content/props/text/
[2017.10.07-18.51.26:283][  0]SourceControl: 	storm/DerivedDataCache/
[2017.10.07-18.51.26:283][  0]SourceControl: 	storm/Intermediate/
[2017.10.07-18.51.26:283][  0]SourceControl: 	storm/Saved/
[2017.10.07-18.51.26:283][  0]LogContentStreaming: Texture pool size now 3000 MB
[2017.10.07-18.51.26:412][  1]LogAssetRegistry: Asset discovery search completed in 60.8712 seconds
[2017.10.07-18.51.26:415][  1]LogCollectionManager: Rebuilt the object cache for 0 collections in 0.000001 seconds (found 0 objects)
[2017.10.07-18.51.26:415][  1]LogCollectionManager: Fixed up redirectors for 0 collections in 0.000054 seconds (updated 0 objects)
[2017.10.07-18.51.27:348][ 24]LogSlate: Took 0.004673 seconds to synchronously load lazily loaded font '../../../Engine/Content/Slate/Fonts/Roboto-Light.ttf' (159K)
[2017.10.07-18.51.37:700][323]LogSlate: Took 0.000195 seconds to synchronously load lazily loaded font '../../../Engine/Content/Slate/Fonts/Roboto-Light.ttf' (159K)
[2017.10.07-18.51.37:743][323]LogLinker: Warning: Não é possível encontrar o arquivo “/Game/Materials/M_Ground_Grass”
[2017.10.07-18.51.37:743][323]LogLinker: Warning: Não é possível encontrar o arquivo do ativo “../../../../../../Users/Erick/Documents/GitHub/storm/storm/Content/Foliage/test_map.umap” ao carregar /Game/Materials/M_Ground_Grass.
[2017.10.07-18.51.37:743][323]LoadErrors: Error: /Game/Foliage/test_map : Não é possível encontrar o arquivo do ativo. /Game/Materials/M_Ground_Grass
[2017.10.07-18.51.37:820][323]LogLinker: Warning: Não é possível encontrar o arquivo “/Game/Materials/M_Ground_Grass”
[2017.10.07-18.51.37:820][323]LogLinker: Warning: Não é possível encontrar o arquivo do ativo “../../../../../../Users/Erick/Documents/GitHub/storm/storm/Content/Foliage/test_map.umap” ao carregar /Game/Materials/M_Ground_Grass.
[2017.10.07-18.51.37:838][323]LogLinker: Warning: Não é possível encontrar o arquivo “/Game/Materials/M_Ground_Grass”
[2017.10.07-18.51.37:838][323]LoadErrors: Falha ao carregar /Game/Materials/M_Ground_Grass.M_Ground_Grass Referenciado por SM_Template_Map_Floor_7
[2017.10.07-18.51.37:838][323]LogLinker: Warning: Não é possível encontrar o arquivo do ativo “NULL” ao carregar /Game/Materials/M_Ground_Grass.
[2017.10.07-18.51.38:869][323]LogTexture: Display: Building textures: tex_tree_diff (AutoDXT, 1024X1024)
[2017.10.07-18.51.38:869][323]LogTexture: Display: Building textures: tex_bark_n (BC5, 512X2048)
[2017.10.07-18.51.38:869][323]LogTexture: Display: Building textures: tex_bush_diff (AutoDXT, 1024X1024)
[2017.10.07-18.51.38:871][323]LogStaticMesh: Criando malha estática SM_bush001...
[2017.10.07-18.51.38:877][323]LogStaticMesh: Built static mesh [0.01s] /Game/Foliage/Bush/SM_bush001.SM_bush001
[2017.10.07-18.51.39:093][323]LogTexture: Display: Building textures: tex_bark_diff (AutoDXT, 512X2048)
[2017.10.07-18.51.39:096][323]LogStaticMesh: Criando malha estática SM_grass001...
[2017.10.07-18.51.39:097][323]LogStaticMesh: Built static mesh [0.00s] /Game/Foliage/Grass/SM_grass001.SM_grass001
[2017.10.07-18.51.39:099][323]LogTexture: Display: Building textures: HQ_Lightmap0_1 (AutoDXT, 256X256)
[2017.10.07-18.51.39:099][323]LogStaticMesh: Criando malha estática SM_tree001...
[2017.10.07-18.51.39:114][323]LogStaticMesh: Built static mesh [0.02s] /Game/Foliage/Tree/SM_tree001.SM_tree001
[2017.10.07-18.51.40:588][323]LogTexture: Display: Building textures: HQ_Lightmap1_2 (AutoDXT, 64X64)
[2017.10.07-18.51.40:588][323]LogTexture: Display: Building textures: LQ_Lightmap_0_1 (DXT1, 256X256)
[2017.10.07-18.51.40:588][323]LogTexture: Display: Building textures: LQ_Lightmap_1_2 (DXT1, 64X64)
[2017.10.07-18.51.40:588][323]LogTexture: Display: Building textures: SkyOcclusion1_1 (AutoDXT, 256X128)
[2017.10.07-18.51.40:588][323]LogTexture: Display: Building textures: SkyOcclusion1_2 (AutoDXT, 64X32)
[2017.10.07-18.51.40:588][323]LogTexture: Display: Building textures: ShadowMapTexture2D_10 (BGRA8, 64X32)
[2017.10.07-18.51.40:588][323]LogTexture: Display: Building textures: ShadowMapTexture2D_9 (BGRA8, 256X128)
[2017.10.07-18.51.40:592][323]LogMaterial: Missing cached shader map for material M_bark, compiling. 
[2017.10.07-18.51.40:643][323]MapCheck: Warning: InstancedFoliageActor_0 Foliage in this map is missing a component for static mesh SM_grass001. This has been repaired. 
[2017.10.07-18.51.40:664][323]LogAIModule: Creating AISystem for world test_map
[2017.10.07-18.51.40:665][323]LogActorComponent: RegisterComponentWithWorld: (/Game/Foliage/test_map.test_map:PersistentLevel.WorldSettings_1.StaticMeshComponent0) Trying to register component with IsPendingKill() == true. Aborting.
[2017.10.07-18.51.40:668][323]LogSlate: Took 0.000200 seconds to synchronously load lazily loaded font '../../../Engine/Content/Slate/Fonts/Roboto-Regular.ttf' (155K)
[2017.10.07-18.51.51:550][323]Cmd: MAP LOAD FILE="../../../../../../Users/Erick/Documents/GitHub/storm/storm/Content/Foliage/test_map.umap" TEMPLATE=0 SHOWPROGRESS=1 FEATURELEVEL=3
[2017.10.07-18.51.51:552][323]LightingResults: New page: Compilação de Iluminação
[2017.10.07-18.51.51:554][323]LoadErrors: New page: Carregando mapa: test_map.umap
[2017.10.07-18.51.51:565][323]MapCheck: New page: Verificação de Mapa
[2017.10.07-18.51.51:565][323]LightingResults: New page: Compilação de Iluminação
[2017.10.07-18.51.51:613][323]LogEditorServer: Finished looking for orphan Actors (0.000 secs)
[2017.10.07-18.51.51:663][323]Cmd: MAP CHECKDEP NOCLEARLOG
[2017.10.07-18.51.51:811][323]MapCheck: Map check complete: 0 Error(s), 0 Warning(s), took 147,337ms to complete.
[2017.10.07-18.51.51:814][323]LogFileHelpers: Loading map 'test_map' took 0.265
[2017.10.07-18.51.56:216][533]LogTemp: Repeating last play command: New Editor Window (PIE)
[2017.10.07-18.51.56:323][533]LogPlayLevel: PlayLevel: No blueprints needed recompiling
[2017.10.07-18.51.56:323][533]PIE: New page: Sessão de PIE : test_map (07/10/2017 12:51:56)
[2017.10.07-18.51.56:323][533]LogPlayLevel: Creating play world package: /Game/Foliage/UEDPIE_0_test_map
[2017.10.07-18.51.56:328][533]LogPlayLevel: PIE: StaticDuplicateObject took: (0.005096s)
[2017.10.07-18.51.56:329][533]LogAIModule: Creating AISystem for world test_map
[2017.10.07-18.51.56:329][533]LogPlayLevel: PIE: World Init took: (0.000747s)
[2017.10.07-18.51.56:329][533]LogPlayLevel: PIE: Created PIE world by copying editor world from /Game/Foliage/test_map.test_map to /Game/Foliage/UEDPIE_0_test_map.test_map (0.006220s)
[2017.10.07-18.51.56:345][533]LogInit: XAudio2 using 'Alto-falantes (VIA HD Audio(Win8))' : 2 channels at 48 kHz using 32 bits per sample (channel mask 0x3)
[2017.10.07-18.51.56:362][533]LogInit: FAudioDevice initialized.
[2017.10.07-18.51.56:417][533]LogLoad: Game class is 'ThirdPersonGameMode_C'
[2017.10.07-18.51.56:420][533]LogWorld: Bringing World /Game/Foliage/UEDPIE_0_test_map.test_map up for play (max tick rate 0) at 2017.10.07-15.51.56
[2017.10.07-18.51.56:420][533]LogWorld: Bringing up level for play took: 0.001621
[2017.10.07-18.51.56:520][533]LogContentBrowser: Native class hierarchy updated for 'MovieSceneCapture' in 0.0011 seconds. Added 11 classes and 0 folders.
[2017.10.07-18.51.56:532][533]PIE: Momento de início de reprodução no editor para /Game/Foliage/UEDPIE_0_test_map -0,631
[2017.10.07-18.51.56:604][533]LogRenderer: Reallocating scene render targets to support 1292x756 Format 10 NumSamples 1 (Frame:1).
[2017.10.07-18.52.34:538][209]LogEditorViewport: Clicking on Actor (LMB): InstancedFoliageActor (InstancedFoliageActor)
[2017.10.07-18.52.39:477][333]LogTexture: Display: Building textures: Texture2D_2 (G8, 128X128)
[2017.10.07-18.53.09:132][ 77]LogEditorViewport: Clicking on Actor (LMB): InstancedFoliageActor (InstancedFoliageActor)
[2017.10.07-18.53.29:999][558]LogAIModule: Creating AISystem for world ThirdPersonExampleMap
[2017.10.07-18.53.33:156][558]LogActorComponent: UnregisterComponent: (/Engine/Transient.SphereBrushComponent) Not registered. Aborting.
[2017.10.07-18.53.33:156][558]Cmd: MAP LOAD FILE="../../../../../../Users/Erick/Documents/GitHub/storm/storm/Content/ThirdPersonBP/Maps/ThirdPersonExampleMap.umap" TEMPLATE=0 SHOWPROGRESS=1 FEATURELEVEL=3
[2017.10.07-18.53.33:158][558]LightingResults: New page: Compilação de Iluminação
[2017.10.07-18.53.33:159][558]LoadErrors: New page: Carregando mapa: ThirdPersonExampleMap.umap
[2017.10.07-18.53.33:159][558]MapCheck: New page: Verificação de Mapa
[2017.10.07-18.53.33:160][558]LightingResults: New page: Compilação de Iluminação
[2017.10.07-18.53.33:649][558]LogEditorServer: Finished looking for orphan Actors (0.000 secs)
[2017.10.07-18.53.33:906][558]Cmd: MAP CHECKDEP NOCLEARLOG
[2017.10.07-18.53.34:061][558]MapCheck: Map check complete: 0 Error(s), 0 Warning(s), took 155,583ms to complete.
[2017.10.07-18.53.34:065][558]LogFileHelpers: Loading map 'ThirdPersonExampleMap' took 0.912
[2017.10.07-19.00.00:345][666]LogActorComponent: UnregisterComponent: (/Engine/Transient.SphereBrushComponent) Not registered. Aborting.
[2017.10.07-19.00.09:567][813]LogEditorViewport: Clicking on Actor (LMB): Landscape (Landscape1)
[2017.10.07-19.00.21:502][990]LogEditorViewport: Clicking on Actor (LMB): InstancedFoliageActor (InstancedFoliageActor)
[2017.10.07-19.00.22:112][998]LogEditorViewport: Clicking on Actor (LMB): InstancedFoliageActor (InstancedFoliageActor)
[2017.10.07-19.00.49:917][695]LogTemp: Repeating last play command: New Editor Window (PIE)
[2017.10.07-19.00.49:940][695]LogBlueprintUserMessages: Early PlayInEditor Detection: Level '/Game/ThirdPersonBP/Maps/ThirdPersonExampleMap.ThirdPersonExampleMap:PersistentLevel' has LevelScriptBlueprint '/Game/ThirdPersonBP/Maps/ThirdPersonExampleMap.ThirdPersonExampleMap:PersistentLevel.ThirdPersonExampleMap' with GeneratedClass '/Game/ThirdPersonBP/Maps/ThirdPersonExampleMap.ThirdPersonExampleMap_C' with ClassGeneratedBy '/Game/ThirdPersonBP/Maps/ThirdPersonExampleMap.ThirdPersonExampleMap:PersistentLevel.ThirdPersonExampleMap'
[2017.10.07-19.00.49:941][695]LogPlayLevel: PlayLevel: No blueprints needed recompiling
[2017.10.07-19.00.49:941][695]PIE: New page: Sessão de PIE : ThirdPersonExampleMap (07/10/2017 13:00:49)
[2017.10.07-19.00.49:941][695]LogPlayLevel: Creating play world package: /Game/ThirdPersonBP/Maps/UEDPIE_0_ThirdPersonExampleMap
[2017.10.07-19.00.50:075][695]LogPlayLevel: PIE: StaticDuplicateObject took: (0.133874s)
[2017.10.07-19.00.50:076][695]LogAIModule: Creating AISystem for world ThirdPersonExampleMap
[2017.10.07-19.00.50:076][695]LogPlayLevel: PIE: World Init took: (0.001272s)
[2017.10.07-19.00.50:076][695]LogPlayLevel: PIE: Created PIE world by copying editor world from /Game/ThirdPersonBP/Maps/ThirdPersonExampleMap.ThirdPersonExampleMap to /Game/ThirdPersonBP/Maps/UEDPIE_0_ThirdPersonExampleMap.ThirdPersonExampleMap (0.135692s)
[2017.10.07-19.00.50:105][695]LogInit: XAudio2 using 'Alto-falantes (VIA HD Audio(Win8))' : 2 channels at 48 kHz using 32 bits per sample (channel mask 0x3)
[2017.10.07-19.00.50:121][695]LogInit: FAudioDevice initialized.
[2017.10.07-19.00.50:162][695]LogLoad: Game class is 'ThirdPersonGameMode_C'
[2017.10.07-19.00.50:215][695]LogWorld: Bringing World /Game/ThirdPersonBP/Maps/UEDPIE_0_ThirdPersonExampleMap.ThirdPersonExampleMap up for play (max tick rate 0) at 2017.10.07-16.00.50
[2017.10.07-19.00.50:216][695]LogWorld: Bringing up level for play took: 0.053594
[2017.10.07-19.00.50:222][695]PIE: Momento de início de reprodução no editor para /Game/ThirdPersonBP/Maps/UEDPIE_0_ThirdPersonExampleMap 1,059
[2017.10.07-19.00.50:222][695]LogBlueprintUserMessages: Late PlayInEditor Detection: Level '/Game/ThirdPersonBP/Maps/ThirdPersonExampleMap.ThirdPersonExampleMap:PersistentLevel' has LevelScriptBlueprint '/Game/ThirdPersonBP/Maps/ThirdPersonExampleMap.ThirdPersonExampleMap:PersistentLevel.ThirdPersonExampleMap' with GeneratedClass '/Game/ThirdPersonBP/Maps/ThirdPersonExampleMap.ThirdPersonExampleMap_C' with ClassGeneratedBy '/Game/ThirdPersonBP/Maps/ThirdPersonExampleMap.ThirdPersonExampleMap:PersistentLevel.ThirdPersonExampleMap'
[2017.10.07-19.04.14:050][ 81]LogBlueprintUserMessages: Early EndPlayMap Detection: Level '/Game/ThirdPersonBP/Maps/ThirdPersonExampleMap.ThirdPersonExampleMap:PersistentLevel' has LevelScriptBlueprint '/Game/ThirdPersonBP/Maps/ThirdPersonExampleMap.ThirdPersonExampleMap:PersistentLevel.ThirdPersonExampleMap' with GeneratedClass '/Game/ThirdPersonBP/Maps/ThirdPersonExampleMap.ThirdPersonExampleMap_C' with ClassGeneratedBy '/Game/ThirdPersonBP/Maps/ThirdPersonExampleMap.ThirdPersonExampleMap:PersistentLevel.ThirdPersonExampleMap'
[2017.10.07-19.04.14:202][ 81]LogBlueprintUserMessages: Late EndPlayMap Detection: Level '/Game/ThirdPersonBP/Maps/ThirdPersonExampleMap.ThirdPersonExampleMap:PersistentLevel' has LevelScriptBlueprint '/Game/ThirdPersonBP/Maps/ThirdPersonExampleMap.ThirdPersonExampleMap:PersistentLevel.ThirdPersonExampleMap' with GeneratedClass '/Game/ThirdPersonBP/Maps/ThirdPersonExampleMap.ThirdPersonExampleMap_C' with ClassGeneratedBy '/Game/ThirdPersonBP/Maps/ThirdPersonExampleMap.ThirdPersonExampleMap:PersistentLevel.ThirdPersonExampleMap'
[2017.10.07-19.04.22:942][194]LogD3D11RHI: Timed out while waiting for GPU to catch up. (0.5 s)
[2017.10.07-19.04.29:533][406]LogStaticMesh: Criando malha estática SM_grass002...
[2017.10.07-19.04.29:543][406]LogStaticMesh: Built static mesh [0.01s] /Game/Foliage/Grass/SM_grass002.SM_grass002
[2017.10.07-19.04.33:072][537]LogStaticMesh: Criando malha estática SM_grass003...
[2017.10.07-19.04.33:079][537]LogStaticMesh: Built static mesh [0.01s] /Game/Foliage/Grass/SM_grass003.SM_grass003
[2017.10.07-19.04.43:508][741]LogEditorViewport: Clicking on Actor (double click): Landscape (Landscape1)
[2017.10.07-19.04.43:900][747]LogEditorViewport: Clicking on Actor (double click): Landscape (Landscape1)
[2017.10.07-19.04.44:229][752]LogEditorViewport: Clicking on Actor (double click): Landscape (Landscape1)
[2017.10.07-19.04.44:877][762]LogEditorViewport: Clicking on Actor (double click): Landscape (Landscape1)
[2017.10.07-19.04.48:972][825]LogEditorViewport: Clicking on Actor (double click): Landscape (Landscape1)
[2017.10.07-19.04.49:557][834]LogEditorViewport: Clicking on Actor (double click): LightmassImportanceVolume (LightmassImportanceVolume)
[2017.10.07-19.04.57:953][ 83]LogEditorViewport: Clicking on Actor (double click): Landscape (Landscape1)
[2017.10.07-19.04.58:875][ 97]LogEditorViewport: Clicking on Actor (double click): Landscape (Landscape1)
[2017.10.07-19.04.59:998][114]LogEditorViewport: Clicking on Actor (double click): Landscape (Landscape1)
[2017.10.07-19.05.02:620][224]LogTemp: Repeating last play command: New Editor Window (PIE)
[2017.10.07-19.05.02:648][224]LogBlueprintUserMessages: Early PlayInEditor Detection: Level '/Game/ThirdPersonBP/Maps/ThirdPersonExampleMap.ThirdPersonExampleMap:PersistentLevel' has LevelScriptBlueprint '/Game/ThirdPersonBP/Maps/ThirdPersonExampleMap.ThirdPersonExampleMap:PersistentLevel.ThirdPersonExampleMap' with GeneratedClass '/Game/ThirdPersonBP/Maps/ThirdPersonExampleMap.ThirdPersonExampleMap_C' with ClassGeneratedBy '/Game/ThirdPersonBP/Maps/ThirdPersonExampleMap.ThirdPersonExampleMap:PersistentLevel.ThirdPersonExampleMap'
[2017.10.07-19.05.02:648][224]LogPlayLevel: PlayLevel: No blueprints needed recompiling
[2017.10.07-19.05.02:649][224]PIE: New page: Sessão de PIE : ThirdPersonExampleMap (07/10/2017 13:05:02)
[2017.10.07-19.05.02:649][224]LogPlayLevel: Creating play world package: /Game/ThirdPersonBP/Maps/UEDPIE_0_ThirdPersonExampleMap
[2017.10.07-19.05.02:779][224]LogPlayLevel: PIE: StaticDuplicateObject took: (0.130232s)
[2017.10.07-19.05.02:781][224]LogAIModule: Creating AISystem for world ThirdPersonExampleMap
[2017.10.07-19.05.02:781][224]LogPlayLevel: PIE: World Init took: (0.001510s)
[2017.10.07-19.05.02:781][224]LogPlayLevel: PIE: Created PIE world by copying editor world from /Game/ThirdPersonBP/Maps/ThirdPersonExampleMap.ThirdPersonExampleMap to /Game/ThirdPersonBP/Maps/UEDPIE_0_ThirdPersonExampleMap.ThirdPersonExampleMap (0.132131s)
[2017.10.07-19.05.02:805][224]LogInit: XAudio2 using 'Alto-falantes (VIA HD Audio(Win8))' : 2 channels at 48 kHz using 32 bits per sample (channel mask 0x3)
[2017.10.07-19.05.02:821][224]LogInit: FAudioDevice initialized.
[2017.10.07-19.05.02:867][224]LogLoad: Game class is 'ThirdPersonGameMode_C'
[2017.10.07-19.05.02:917][224]LogWorld: Bringing World /Game/ThirdPersonBP/Maps/UEDPIE_0_ThirdPersonExampleMap.ThirdPersonExampleMap up for play (max tick rate 0) at 2017.10.07-16.05.02
[2017.10.07-19.05.02:918][224]LogWorld: Bringing up level for play took: 0.049924
[2017.10.07-19.05.02:925][224]PIE: Momento de início de reprodução no editor para /Game/ThirdPersonBP/Maps/UEDPIE_0_ThirdPersonExampleMap -0,237
[2017.10.07-19.05.02:926][224]LogBlueprintUserMessages: Late PlayInEditor Detection: Level '/Game/ThirdPersonBP/Maps/ThirdPersonExampleMap.ThirdPersonExampleMap:PersistentLevel' has LevelScriptBlueprint '/Game/ThirdPersonBP/Maps/ThirdPersonExampleMap.ThirdPersonExampleMap:PersistentLevel.ThirdPersonExampleMap' with GeneratedClass '/Game/ThirdPersonBP/Maps/ThirdPersonExampleMap.ThirdPersonExampleMap_C' with ClassGeneratedBy '/Game/ThirdPersonBP/Maps/ThirdPersonExampleMap.ThirdPersonExampleMap:PersistentLevel.ThirdPersonExampleMap'
[2017.10.07-19.05.15:357][431]LogBlueprintUserMessages: Early EndPlayMap Detection: Level '/Game/ThirdPersonBP/Maps/ThirdPersonExampleMap.ThirdPersonExampleMap:PersistentLevel' has LevelScriptBlueprint '/Game/ThirdPersonBP/Maps/ThirdPersonExampleMap.ThirdPersonExampleMap:PersistentLevel.ThirdPersonExampleMap' with GeneratedClass '/Game/ThirdPersonBP/Maps/ThirdPersonExampleMap.ThirdPersonExampleMap_C' with ClassGeneratedBy '/Game/ThirdPersonBP/Maps/ThirdPersonExampleMap.ThirdPersonExampleMap:PersistentLevel.ThirdPersonExampleMap'
[2017.10.07-19.05.15:467][431]LogBlueprintUserMessages: Late EndPlayMap Detection: Level '/Game/ThirdPersonBP/Maps/ThirdPersonExampleMap.ThirdPersonExampleMap:PersistentLevel' has LevelScriptBlueprint '/Game/ThirdPersonBP/Maps/ThirdPersonExampleMap.ThirdPersonExampleMap:PersistentLevel.ThirdPersonExampleMap' with GeneratedClass '/Game/ThirdPersonBP/Maps/ThirdPersonExampleMap.ThirdPersonExampleMap_C' with ClassGeneratedBy '/Game/ThirdPersonBP/Maps/ThirdPersonExampleMap.ThirdPersonExampleMap:PersistentLevel.ThirdPersonExampleMap'
[2017.10.07-19.05.18:576][445]LogD3D11RHI: Timed out while waiting for GPU to catch up. (0.5 s)
[2017.10.07-19.05.19:108][446]LogD3D11RHI: Timed out while waiting for GPU to catch up. (0.5 s)
[2017.10.07-19.05.22:097][476]LogLinker: Warning: Não é possível encontrar o arquivo “/Game/Materials/M_Ground_Grass”
[2017.10.07-19.05.22:097][476]LogLinker: Warning: Não é possível encontrar o arquivo do ativo “../../../../../../Users/Erick/Documents/GitHub/storm/storm/Content/Foliage/test_map.umap” ao carregar /Game/Materials/M_Ground_Grass.
[2017.10.07-19.05.22:097][476]LoadErrors: Error: /Game/Foliage/test_map : Não é possível encontrar o arquivo do ativo. /Game/Materials/M_Ground_Grass
[2017.10.07-19.05.22:102][476]LogLinker: Warning: Não é possível encontrar o arquivo “/Game/Materials/M_Ground_Grass”
[2017.10.07-19.05.22:103][476]LogLinker: Warning: Não é possível encontrar o arquivo do ativo “../../../../../../Users/Erick/Documents/GitHub/storm/storm/Content/Foliage/test_map.umap” ao carregar /Game/Materials/M_Ground_Grass.
[2017.10.07-19.05.22:114][476]LogLinker: Warning: Não é possível encontrar o arquivo “/Game/Materials/M_Ground_Grass”
[2017.10.07-19.05.22:114][476]LoadErrors: Falha ao carregar /Game/Materials/M_Ground_Grass.M_Ground_Grass Referenciado por SM_Template_Map_Floor_7
[2017.10.07-19.05.22:114][476]LogLinker: Warning: Não é possível encontrar o arquivo do ativo “NULL” ao carregar /Game/Materials/M_Ground_Grass.
[2017.10.07-19.05.22:116][476]MapCheck: Warning: InstancedFoliageActor_0 Foliage in this map is missing a component for static mesh SM_grass001. This has been repaired. 
[2017.10.07-19.05.22:121][476]LogAIModule: Creating AISystem for world test_map
[2017.10.07-19.05.22:121][476]LogActorComponent: RegisterComponentWithWorld: (/Game/Foliage/test_map.test_map:PersistentLevel.WorldSettings_1.StaticMeshComponent0) Trying to register component with IsPendingKill() == true. Aborting.
[2017.10.07-19.05.26:992][476]LogSavePackage: Save=3091.86ms
[2017.10.07-19.05.26:993][476]LogSavePackage: Moving '../../../../../../Users/Erick/Documents/GitHub/storm/storm/Saved/ThirdPersonExampleMapC1193CD140558480AFE495B34998255D.tmp' to '../../../../../../Users/Erick/Documents/GitHub/storm/storm/Content/ThirdPersonBP/Maps/ThirdPersonExampleMap.umap'
[2017.10.07-19.05.27:004][476]LogSavePackage: Display: Finished SavePackage ../../../../../../Users/Erick/Documents/GitHub/storm/storm/Content/ThirdPersonBP/Maps/ThirdPersonExampleMap.umap
[2017.10.07-19.05.27:039][476]LogFileHelpers: Saving map 'ThirdPersonExampleMap' took 3.366
[2017.10.07-19.05.27:043][476]LogActorComponent: UnregisterComponent: (/Engine/Transient.SphereBrushComponent) Not registered. Aborting.
[2017.10.07-19.05.27:043][476]Cmd: MAP LOAD FILE="../../../../../../Users/Erick/Documents/GitHub/storm/storm/Content/Foliage/test_map.umap" TEMPLATE=0 SHOWPROGRESS=1 FEATURELEVEL=3
[2017.10.07-19.05.27:043][476]LightingResults: New page: Compilação de Iluminação
[2017.10.07-19.05.27:044][476]LoadErrors: New page: Carregando mapa: test_map.umap
[2017.10.07-19.05.27:060][476]MapCheck: New page: Verificação de Mapa
[2017.10.07-19.05.27:060][476]LightingResults: New page: Compilação de Iluminação
[2017.10.07-19.05.27:107][476]LogEditorServer: Finished looking for orphan Actors (0.000 secs)
[2017.10.07-19.05.27:156][476]Cmd: MAP CHECKDEP NOCLEARLOG
[2017.10.07-19.05.27:304][476]MapCheck: Map check complete: 0 Error(s), 0 Warning(s), took 148,333ms to complete.
[2017.10.07-19.05.27:307][476]LogFileHelpers: Loading map 'test_map' took 0.267
[2017.10.07-19.05.32:215][638]LogContentBrowser: Native class hierarchy updated for 'BlueprintGraph' in 0.0014 seconds. Added 113 classes and 0 folders.
[2017.10.07-19.05.33:222][638]LogSlate: Took 0.004751 seconds to synchronously load lazily loaded font '../../../Engine/Content/Editor/Slate/Fonts/Roboto-BoldCondensed.ttf' (158K)
[2017.10.07-19.05.48:289][970]LogRenderer: Reallocating scene render targets to support 1292x868 Format 10 NumSamples 1 (Frame:31).
[2017.10.07-19.06.37:064][524]LogEditorViewport: Clicking on Actor (LMB): InstancedFoliageActor (InstancedFoliageActor)
[2017.10.07-19.07.01:635][285]LogEditorViewport: Clicking on Actor (double click): InstancedFoliageActor (InstancedFoliageActor)
[2017.10.07-19.07.03:059][321]LogEditorViewport: Clicking on Actor (double click): InstancedFoliageActor (InstancedFoliageActor)
[2017.10.07-19.07.09:705][490]LogEditorViewport: Clicking on Actor (double click): InstancedFoliageActor (InstancedFoliageActor)
[2017.10.07-19.07.11:459][535]LogEditorViewport: Clicking on Actor (double click): StaticMeshActor (SM_tree001)
[2017.10.07-19.07.11:778][543]LogEditorViewport: Clicking on Actor (double click): StaticMeshActor (SM_tree001)
[2017.10.07-19.07.12:058][550]LogEditorViewport: Clicking on Actor (double click): StaticMeshActor (SM_tree001)
[2017.10.07-19.15.22:558][129]LogSavePackage: Save=94.44ms
[2017.10.07-19.15.22:558][129]LogSavePackage: Moving '../../../../../../Users/Erick/Documents/GitHub/storm/storm/Saved/test_map_Auto1A25E6663470337FC407579A6247AAC27.tmp' to '../../../../../../Users/Erick/Documents/GitHub/storm/storm/Saved/Autosaves/Game/Foliage/test_map_Auto1.umap'
[2017.10.07-19.15.22:560][129]LogSavePackage: Display: Finished SavePackage ../../../../../../Users/Erick/Documents/GitHub/storm/storm/Saved/Autosaves/Game/Foliage/test_map_Auto1.umap
[2017.10.07-19.15.22:566][129]LogFileHelpers: Editor autosave (incl. sublevels) for '/Game/Foliage/test_map' took 0.178
[2017.10.07-19.15.22:566][129]LogFileHelpers: Editor autosave (incl. sublevels) for all levels took 0.178
[2017.10.07-19.16.01:397][404]LogAIModule: Creating AISystem for world ThirdPersonExampleMap1
[2017.10.07-19.16.03:786][404]Cmd: MAP LOAD FILE="../../../../../../Users/Erick/Documents/GitHub/storm/storm/Content/ThirdPersonBP/Maps/ThirdPersonExampleMap1.umap" TEMPLATE=0 SHOWPROGRESS=1 FEATURELEVEL=3
[2017.10.07-19.16.03:787][404]LightingResults: New page: Compilação de Iluminação
[2017.10.07-19.16.03:788][404]LoadErrors: New page: Carregando mapa: ThirdPersonExampleMap1.umap
[2017.10.07-19.16.03:789][404]MapCheck: New page: Verificação de Mapa
[2017.10.07-19.16.03:789][404]LightingResults: New page: Compilação de Iluminação
[2017.10.07-19.16.03:821][404]LogEditorServer: Finished looking for orphan Actors (0.000 secs)
[2017.10.07-19.16.03:875][404]Cmd: MAP CHECKDEP NOCLEARLOG
[2017.10.07-19.16.04:035][404]MapCheck: Map check complete: 0 Error(s), 0 Warning(s), took 159,828ms to complete.
[2017.10.07-19.16.04:037][404]LogFileHelpers: Loading map 'ThirdPersonExampleMap1' took 0.254
[2017.10.07-19.16.17:980][820]SourceControl: fatal: C:/Program Files/Epic Games/UnrealEngine-release/Engine/Content/: 'C:/Program Files/Epic Games/UnrealEngine-release/Engine/Content/' is outside repository
[2017.10.07-19.16.28:797][820]LogSourceControl: FGitCheckInWorker: commit successful
[2017.10.07-19.16.28:967][820]SourceControl: [master 8390024] new
[2017.10.07-19.16.28:967][820]SourceControl:  13 files changed, 0 insertions(+), 0 deletions(-)
[2017.10.07-19.16.28:967][820]SourceControl:  create mode 100644 storm/Content/Foliage/Grass/M_grass.uasset
[2017.10.07-19.16.28:967][820]SourceControl:  create mode 100644 storm/Content/Foliage/Grass/M_grass_Inst.uasset
[2017.10.07-19.16.28:967][820]SourceControl:  create mode 100644 storm/Content/Foliage/Grass/SM_grass001.uasset
[2017.10.07-19.16.28:967][820]SourceControl:  create mode 100644 storm/Content/Foliage/Grass/SM_grass002.uasset
[2017.10.07-19.16.28:967][820]SourceControl:  create mode 100644 storm/Content/Foliage/Grass/SM_grass003.uasset
[2017.10.07-19.16.28:967][820]SourceControl:  create mode 100644 storm/Content/Foliage/Grass/grass_LayerInfo.uasset
[2017.10.07-19.16.28:967][820]SourceControl:  create mode 100644 storm/Content/Foliage/Grass/tex_grass_diff.uasset
[2017.10.07-19.16.28:967][820]SourceControl:  create mode 100644 storm/Content/Foliage/Grass/tex_placeholder_diff.uasset
[2017.10.07-19.16.28:967][820]SourceControl:  create mode 100644 storm/Content/Foliage/test_map.umap
[2017.10.07-19.16.28:967][820]SourceControl:  create mode 100644 storm/Content/grass.uasset
[2017.10.07-19.16.28:968][820]SourceControl:  create mode 100644 storm/Content/grass_LayerInfo.uasset
[2017.10.07-19.16.28:968][820]SourceControl:  create mode 100644 storm/Content/grasss.uasset
[2017.10.07-19.16.28:972][820]SourceControl: Commited [master 8390024] new.
